2026-03-17 16:00:26,363 | DEBUG | database | <module> | [ID: NA] | DB URL Set sqlite:///./expense_app.db
2026-03-17 16:00:26,376 | DEBUG | database | <module> | [ID: NA] | DB Engine Created
2026-03-17 16:00:26,379 | DEBUG | database | <module> | [ID: NA] | DB Session Created
2026-03-17 16:00:26,379 | DEBUG | database | <module> | [ID: NA] | DB Handle Created
2026-03-17 16:00:26,389 | DEBUG | __init__ | __getattr__ | [ID: NA] | loaded lazy attr 'SafeConfigParser': <class 'configparser.ConfigParser'>
2026-03-17 16:00:26,391 | DEBUG | __init__ | __getattr__ | [ID: NA] | loaded lazy attr 'NativeStringIO': <class '_io.StringIO'>
2026-03-17 16:00:26,391 | DEBUG | __init__ | __getattr__ | [ID: NA] | loaded lazy attr 'BytesIO': <class '_io.BytesIO'>
2026-03-17 16:00:26,426 | DEBUG | registry | register_crypt_handler | [ID: NA] | registered 'bcrypt' handler: <class 'passlib.handlers.bcrypt.bcrypt'>
2026-03-17 16:00:26,463 | INFO | base | _connection_begin_impl | [ID: NA] | BEGIN (implicit)
2026-03-17 16:00:26,463 | INFO | base | _execute_context | [ID: NA] | PRAGMA main.table_info("User")
2026-03-17 16:00:26,463 | INFO | base | _execute_context | [ID: NA] | [raw sql] ()
2026-03-17 16:00:26,463 | INFO | base | _execute_context | [ID: NA] | PRAGMA main.table_info("expense")
2026-03-17 16:00:26,463 | INFO | base | _execute_context | [ID: NA] | [raw sql] ()
2026-03-17 16:00:26,463 | INFO | base | _connection_commit_impl | [ID: NA] | COMMIT
2026-03-17 16:00:36,087 | DEBUG | home_expense_tracker | add_correlation_id | [ID: NA] | Request ID Generated fb85ddc1-b88d-40b3-9828-1859bdf499cf
2026-03-17 16:00:36,088 | DEBUG | home_expense_tracker | add_correlation_id | [ID: fb85ddc1-b88d-40b3-9828-1859bdf499cf] | Token <Token var=<ContextVar name='correlation_id' default='NA' at 0x000001F63B382430> at 0x000001F63D5225C0>
2026-03-17 16:00:36,089 | DEBUG | auth | get_current_user | [ID: fb85ddc1-b88d-40b3-9828-1859bdf499cf] | Inside get_current_user
2026-03-17 16:00:36,093 | DEBUG | users | get_user_details | [ID: fb85ddc1-b88d-40b3-9828-1859bdf499cf] | Inside get_user
2026-03-17 16:00:36,094 | INFO | base | _connection_begin_impl | [ID: fb85ddc1-b88d-40b3-9828-1859bdf499cf] | BEGIN (implicit)
2026-03-17 16:00:36,096 | INFO | base | _execute_context | [ID: fb85ddc1-b88d-40b3-9828-1859bdf499cf] | SELECT "User"."ID" AS "User_ID", "User"."UserName" AS "User_UserName", "User"."HashedPassword" AS "User_HashedPassword", "User"."FirstName" AS "User_FirstName", "User"."EmailAddress" AS "User_EmailAddress" 
FROM "User" 
WHERE "User"."ID" = ?
 LIMIT ? OFFSET ?
2026-03-17 16:00:36,096 | INFO | base | _execute_context | [ID: fb85ddc1-b88d-40b3-9828-1859bdf499cf] | [generated in 0.00039s] (2, 1, 0)
2026-03-17 16:00:36,099 | INFO | base | _connection_rollback_impl | [ID: fb85ddc1-b88d-40b3-9828-1859bdf499cf] | ROLLBACK
2026-03-17 16:00:37,075 | DEBUG | home_expense_tracker | add_correlation_id | [ID: NA] | Request ID Generated 7fce987f-54ac-4eea-87c6-2024d4042bfb
2026-03-17 16:00:37,075 | DEBUG | home_expense_tracker | add_correlation_id | [ID: 7fce987f-54ac-4eea-87c6-2024d4042bfb] | Token <Token var=<ContextVar name='correlation_id' default='NA' at 0x000001F63B382430> at 0x000001F63D651B80>
2026-03-17 16:00:37,076 | DEBUG | auth | get_current_user | [ID: 7fce987f-54ac-4eea-87c6-2024d4042bfb] | Inside get_current_user
2026-03-17 16:00:37,077 | DEBUG | expenses | get_all_expenses | [ID: 7fce987f-54ac-4eea-87c6-2024d4042bfb] | Get all expenses invoked
2026-03-17 16:00:37,078 | INFO | base | _connection_begin_impl | [ID: 7fce987f-54ac-4eea-87c6-2024d4042bfb] | BEGIN (implicit)
2026-03-17 16:00:37,079 | INFO | base | _execute_context | [ID: 7fce987f-54ac-4eea-87c6-2024d4042bfb] | SELECT expense."ID" AS "expense_ID", expense."PurchaseDate" AS "expense_PurchaseDate", expense."Amount" AS "expense_Amount", expense."Store" AS "expense_Store", expense."Card" AS "expense_Card", expense."UserID" AS "expense_UserID" 
FROM expense 
WHERE expense."UserID" = ?
2026-03-17 16:00:37,080 | INFO | base | _execute_context | [ID: 7fce987f-54ac-4eea-87c6-2024d4042bfb] | [generated in 0.00052s] (2,)
2026-03-17 16:00:37,082 | INFO | base | _connection_rollback_impl | [ID: 7fce987f-54ac-4eea-87c6-2024d4042bfb] | ROLLBACK
2026-03-17 16:01:13,677 | DEBUG | home_expense_tracker | add_correlation_id | [ID: NA] | Request ID Generated ddc959ce-0b1d-480f-8bf7-ca39162448c7
2026-03-17 16:01:13,678 | DEBUG | home_expense_tracker | add_correlation_id | [ID: ddc959ce-0b1d-480f-8bf7-ca39162448c7] | Token <Token var=<ContextVar name='correlation_id' default='NA' at 0x000001F63B382430> at 0x000001F63D660BC0>
2026-03-17 16:01:13,681 | DEBUG | home_expense_tracker | add_correlation_id | [ID: NA] | Request ID Generated dcc3ac29-84dd-41ea-8197-a0b394cf6f1e
2026-03-17 16:01:13,681 | DEBUG | home_expense_tracker | add_correlation_id | [ID: dcc3ac29-84dd-41ea-8197-a0b394cf6f1e] | Token <Token var=<ContextVar name='correlation_id' default='NA' at 0x000001F63B382430> at 0x000001F63D661340>
2026-03-17 16:01:13,682 | DEBUG | auth | get_current_user | [ID: dcc3ac29-84dd-41ea-8197-a0b394cf6f1e] | Inside get_current_user
2026-03-17 16:01:13,684 | DEBUG | expenses | delete_expense | [ID: dcc3ac29-84dd-41ea-8197-a0b394cf6f1e] | Inside delete expense
2026-03-17 16:01:13,685 | INFO | base | _connection_begin_impl | [ID: dcc3ac29-84dd-41ea-8197-a0b394cf6f1e] | BEGIN (implicit)
2026-03-17 16:01:13,685 | INFO | base | _execute_context | [ID: dcc3ac29-84dd-41ea-8197-a0b394cf6f1e] | DELETE FROM expense WHERE expense."UserID" = ? AND lower(expense."Store") LIKE lower(?) AND expense."PurchaseDate" = ? RETURNING "ID"
2026-03-17 16:01:13,685 | INFO | base | _execute_context | [ID: dcc3ac29-84dd-41ea-8197-a0b394cf6f1e] | [generated in 0.00039s] (2, 'Target', '2026-03-16')
2026-03-17 16:01:13,685 | INFO | base | _connection_commit_impl | [ID: dcc3ac29-84dd-41ea-8197-a0b394cf6f1e] | COMMIT
2026-03-17 16:01:13,691 | DEBUG | home_expense_tracker | add_correlation_id | [ID: NA] | Request ID Generated 46d114d4-d902-43a8-a048-588cd295195c
2026-03-17 16:01:13,696 | DEBUG | home_expense_tracker | add_correlation_id | [ID: 46d114d4-d902-43a8-a048-588cd295195c] | Token <Token var=<ContextVar name='correlation_id' default='NA' at 0x000001F63B382430> at 0x000001F63D660A80>
2026-03-17 16:01:13,697 | DEBUG | auth | get_current_user | [ID: 46d114d4-d902-43a8-a048-588cd295195c] | Inside get_current_user
2026-03-17 16:01:13,699 | DEBUG | expenses | get_all_expenses | [ID: 46d114d4-d902-43a8-a048-588cd295195c] | Get all expenses invoked
2026-03-17 16:01:13,699 | INFO | base | _connection_begin_impl | [ID: 46d114d4-d902-43a8-a048-588cd295195c] | BEGIN (implicit)
2026-03-17 16:01:13,700 | INFO | base | _execute_context | [ID: 46d114d4-d902-43a8-a048-588cd295195c] | SELECT expense."ID" AS "expense_ID", expense."PurchaseDate" AS "expense_PurchaseDate", expense."Amount" AS "expense_Amount", expense."Store" AS "expense_Store", expense."Card" AS "expense_Card", expense."UserID" AS "expense_UserID" 
FROM expense 
WHERE expense."UserID" = ?
2026-03-17 16:01:13,700 | INFO | base | _execute_context | [ID: 46d114d4-d902-43a8-a048-588cd295195c] | [cached since 36.62s ago] (2,)
2026-03-17 16:01:13,702 | INFO | base | _connection_rollback_impl | [ID: 46d114d4-d902-43a8-a048-588cd295195c] | ROLLBACK
2026-03-17 16:03:03,930 | DEBUG | home_expense_tracker | add_correlation_id | [ID: NA] | Request ID Generated 9ddbcc65-b7a2-4c6f-9278-071d9403b6db
2026-03-17 16:03:03,932 | DEBUG | home_expense_tracker | add_correlation_id | [ID: 9ddbcc65-b7a2-4c6f-9278-071d9403b6db] | Token <Token var=<ContextVar name='correlation_id' default='NA' at 0x000001F63B382430> at 0x000001F63D66D880>
2026-03-17 16:03:03,933 | DEBUG | home_expense_tracker | add_correlation_id | [ID: NA] | Request ID Generated 67942d32-f28f-4c7b-adc8-17b7f251b5fa
2026-03-17 16:03:03,933 | DEBUG | home_expense_tracker | add_correlation_id | [ID: 67942d32-f28f-4c7b-adc8-17b7f251b5fa] | Token <Token var=<ContextVar name='correlation_id' default='NA' at 0x000001F63B382430> at 0x000001F63D66DA80>
2026-03-17 16:03:03,933 | DEBUG | auth | get_current_user | [ID: 67942d32-f28f-4c7b-adc8-17b7f251b5fa] | Inside get_current_user
2026-03-17 16:03:03,933 | DEBUG | users | get_user_details | [ID: 67942d32-f28f-4c7b-adc8-17b7f251b5fa] | Inside get_user
2026-03-17 16:03:03,933 | INFO | base | _connection_begin_impl | [ID: 67942d32-f28f-4c7b-adc8-17b7f251b5fa] | BEGIN (implicit)
2026-03-17 16:03:03,933 | INFO | base | _execute_context | [ID: 67942d32-f28f-4c7b-adc8-17b7f251b5fa] | SELECT "User"."ID" AS "User_ID", "User"."UserName" AS "User_UserName", "User"."HashedPassword" AS "User_HashedPassword", "User"."FirstName" AS "User_FirstName", "User"."EmailAddress" AS "User_EmailAddress" 
FROM "User" 
WHERE "User"."ID" = ?
 LIMIT ? OFFSET ?
2026-03-17 16:03:03,933 | INFO | base | _execute_context | [ID: 67942d32-f28f-4c7b-adc8-17b7f251b5fa] | [cached since 147.8s ago] (2, 1, 0)
2026-03-17 16:03:03,939 | INFO | base | _connection_rollback_impl | [ID: 67942d32-f28f-4c7b-adc8-17b7f251b5fa] | ROLLBACK
2026-03-17 16:03:05,475 | DEBUG | home_expense_tracker | add_correlation_id | [ID: NA] | Request ID Generated 0c7edabc-e17a-4c15-b2ae-4c80472e7130
2026-03-17 16:03:05,475 | DEBUG | home_expense_tracker | add_correlation_id | [ID: 0c7edabc-e17a-4c15-b2ae-4c80472e7130] | Token <Token var=<ContextVar name='correlation_id' default='NA' at 0x000001F63B382430> at 0x000001F63D66F6C0>
2026-03-17 16:03:05,478 | DEBUG | home_expense_tracker | add_correlation_id | [ID: NA] | Request ID Generated 4eb3f70e-065c-4f65-8c08-56c285cf46f6
2026-03-17 16:03:05,479 | DEBUG | home_expense_tracker | add_correlation_id | [ID: 4eb3f70e-065c-4f65-8c08-56c285cf46f6] | Token <Token var=<ContextVar name='correlation_id' default='NA' at 0x000001F63B382430> at 0x000001F63D66F900>
2026-03-17 16:03:05,480 | DEBUG | auth | get_current_user | [ID: 4eb3f70e-065c-4f65-8c08-56c285cf46f6] | Inside get_current_user
2026-03-17 16:03:05,481 | DEBUG | expenses | get_all_expenses | [ID: 4eb3f70e-065c-4f65-8c08-56c285cf46f6] | Get all expenses invoked
2026-03-17 16:03:05,482 | INFO | base | _connection_begin_impl | [ID: 4eb3f70e-065c-4f65-8c08-56c285cf46f6] | BEGIN (implicit)
2026-03-17 16:03:05,482 | INFO | base | _execute_context | [ID: 4eb3f70e-065c-4f65-8c08-56c285cf46f6] | SELECT expense."ID" AS "expense_ID", expense."PurchaseDate" AS "expense_PurchaseDate", expense."Amount" AS "expense_Amount", expense."Store" AS "expense_Store", expense."Card" AS "expense_Card", expense."UserID" AS "expense_UserID" 
FROM expense 
WHERE expense."UserID" = ?
2026-03-17 16:03:05,484 | INFO | base | _execute_context | [ID: 4eb3f70e-065c-4f65-8c08-56c285cf46f6] | [cached since 148.4s ago] (2,)
2026-03-17 16:03:05,485 | INFO | base | _connection_rollback_impl | [ID: 4eb3f70e-065c-4f65-8c08-56c285cf46f6] | ROLLBACK
2026-03-17 16:03:11,229 | DEBUG | home_expense_tracker | add_correlation_id | [ID: NA] | Request ID Generated 42923dfb-77fc-4cf4-b03a-c5ad50533bc6
2026-03-17 16:03:11,229 | DEBUG | home_expense_tracker | add_correlation_id | [ID: 42923dfb-77fc-4cf4-b03a-c5ad50533bc6] | Token <Token var=<ContextVar name='correlation_id' default='NA' at 0x000001F63B382430> at 0x000001F63D66F780>
2026-03-17 16:03:11,235 | DEBUG | home_expense_tracker | add_correlation_id | [ID: NA] | Request ID Generated cef3facb-fd14-49c6-bfd5-b74d8ffcc32b
2026-03-17 16:03:11,235 | DEBUG | home_expense_tracker | add_correlation_id | [ID: cef3facb-fd14-49c6-bfd5-b74d8ffcc32b] | Token <Token var=<ContextVar name='correlation_id' default='NA' at 0x000001F63B382430> at 0x000001F63D66C680>
2026-03-17 16:03:11,236 | DEBUG | auth | get_current_user | [ID: cef3facb-fd14-49c6-bfd5-b74d8ffcc32b] | Inside get_current_user
2026-03-17 16:03:11,236 | DEBUG | expenses | delete_expense | [ID: cef3facb-fd14-49c6-bfd5-b74d8ffcc32b] | Inside delete expense
2026-03-17 16:03:11,236 | INFO | base | _connection_begin_impl | [ID: cef3facb-fd14-49c6-bfd5-b74d8ffcc32b] | BEGIN (implicit)
2026-03-17 16:03:11,236 | INFO | base | _execute_context | [ID: cef3facb-fd14-49c6-bfd5-b74d8ffcc32b] | DELETE FROM expense WHERE expense."UserID" = ? AND lower(expense."Store") LIKE lower(?) AND expense."PurchaseDate" = ? RETURNING "ID"
2026-03-17 16:03:11,236 | INFO | base | _execute_context | [ID: cef3facb-fd14-49c6-bfd5-b74d8ffcc32b] | [cached since 117.6s ago] (2, 'Stop and Shop', '2026-03-18')
2026-03-17 16:03:11,242 | INFO | base | _connection_commit_impl | [ID: cef3facb-fd14-49c6-bfd5-b74d8ffcc32b] | COMMIT
2026-03-17 16:03:11,246 | DEBUG | home_expense_tracker | add_correlation_id | [ID: NA] | Request ID Generated aa8e356d-1fcd-4b3a-8221-6f8ac5d444c3
2026-03-17 16:03:11,246 | DEBUG | home_expense_tracker | add_correlation_id | [ID: aa8e356d-1fcd-4b3a-8221-6f8ac5d444c3] | Token <Token var=<ContextVar name='correlation_id' default='NA' at 0x000001F63B382430> at 0x000001F63D66D240>
2026-03-17 16:03:11,246 | DEBUG | auth | get_current_user | [ID: aa8e356d-1fcd-4b3a-8221-6f8ac5d444c3] | Inside get_current_user
2026-03-17 16:03:11,246 | DEBUG | expenses | get_all_expenses | [ID: aa8e356d-1fcd-4b3a-8221-6f8ac5d444c3] | Get all expenses invoked
2026-03-17 16:03:11,246 | INFO | base | _connection_begin_impl | [ID: aa8e356d-1fcd-4b3a-8221-6f8ac5d444c3] | BEGIN (implicit)
2026-03-17 16:03:11,246 | INFO | base | _execute_context | [ID: aa8e356d-1fcd-4b3a-8221-6f8ac5d444c3] | SELECT expense."ID" AS "expense_ID", expense."PurchaseDate" AS "expense_PurchaseDate", expense."Amount" AS "expense_Amount", expense."Store" AS "expense_Store", expense."Card" AS "expense_Card", expense."UserID" AS "expense_UserID" 
FROM expense 
WHERE expense."UserID" = ?
2026-03-17 16:03:11,246 | INFO | base | _execute_context | [ID: aa8e356d-1fcd-4b3a-8221-6f8ac5d444c3] | [cached since 154.2s ago] (2,)
2026-03-17 16:03:11,252 | INFO | base | _connection_rollback_impl | [ID: aa8e356d-1fcd-4b3a-8221-6f8ac5d444c3] | ROLLBACK
2026-03-17 16:08:15,317 | DEBUG | home_expense_tracker | add_correlation_id | [ID: NA] | Request ID Generated 6fb0bb37-e851-4d1f-9650-70d8d428cead
2026-03-17 16:08:15,317 | DEBUG | home_expense_tracker | add_correlation_id | [ID: 6fb0bb37-e851-4d1f-9650-70d8d428cead] | Token <Token var=<ContextVar name='correlation_id' default='NA' at 0x000001F63B382430> at 0x000001F63D662680>
2026-03-17 16:08:15,319 | DEBUG | auth | get_current_user | [ID: 6fb0bb37-e851-4d1f-9650-70d8d428cead] | Inside get_current_user
2026-03-17 16:08:15,320 | DEBUG | users | get_user_details | [ID: 6fb0bb37-e851-4d1f-9650-70d8d428cead] | Inside get_user
2026-03-17 16:08:15,321 | INFO | base | _connection_begin_impl | [ID: 6fb0bb37-e851-4d1f-9650-70d8d428cead] | BEGIN (implicit)
2026-03-17 16:08:15,321 | INFO | base | _execute_context | [ID: 6fb0bb37-e851-4d1f-9650-70d8d428cead] | SELECT "User"."ID" AS "User_ID", "User"."UserName" AS "User_UserName", "User"."HashedPassword" AS "User_HashedPassword", "User"."FirstName" AS "User_FirstName", "User"."EmailAddress" AS "User_EmailAddress" 
FROM "User" 
WHERE "User"."ID" = ?
 LIMIT ? OFFSET ?
2026-03-17 16:08:15,321 | INFO | base | _execute_context | [ID: 6fb0bb37-e851-4d1f-9650-70d8d428cead] | [cached since 459.2s ago] (2, 1, 0)
2026-03-17 16:08:15,322 | INFO | base | _connection_rollback_impl | [ID: 6fb0bb37-e851-4d1f-9650-70d8d428cead] | ROLLBACK
2026-03-17 16:08:15,324 | DEBUG | home_expense_tracker | add_correlation_id | [ID: NA] | Request ID Generated 77d18ca3-a476-40a1-a427-0bcaaee61ef6
2026-03-17 16:08:15,324 | DEBUG | home_expense_tracker | add_correlation_id | [ID: 77d18ca3-a476-40a1-a427-0bcaaee61ef6] | Token <Token var=<ContextVar name='correlation_id' default='NA' at 0x000001F63B382430> at 0x000001F63D684680>
2026-03-17 16:08:15,324 | DEBUG | auth | get_current_user | [ID: 77d18ca3-a476-40a1-a427-0bcaaee61ef6] | Inside get_current_user
2026-03-17 16:08:15,325 | DEBUG | users | get_user_details | [ID: 77d18ca3-a476-40a1-a427-0bcaaee61ef6] | Inside get_user
2026-03-17 16:08:15,325 | INFO | base | _connection_begin_impl | [ID: 77d18ca3-a476-40a1-a427-0bcaaee61ef6] | BEGIN (implicit)
2026-03-17 16:08:15,327 | INFO | base | _execute_context | [ID: 77d18ca3-a476-40a1-a427-0bcaaee61ef6] | SELECT "User"."ID" AS "User_ID", "User"."UserName" AS "User_UserName", "User"."HashedPassword" AS "User_HashedPassword", "User"."FirstName" AS "User_FirstName", "User"."EmailAddress" AS "User_EmailAddress" 
FROM "User" 
WHERE "User"."ID" = ?
 LIMIT ? OFFSET ?
2026-03-17 16:08:15,327 | INFO | base | _execute_context | [ID: 77d18ca3-a476-40a1-a427-0bcaaee61ef6] | [cached since 459.2s ago] (2, 1, 0)
2026-03-17 16:08:15,328 | INFO | base | _connection_rollback_impl | [ID: 77d18ca3-a476-40a1-a427-0bcaaee61ef6] | ROLLBACK
2026-03-17 16:08:52,043 | DEBUG | home_expense_tracker | add_correlation_id | [ID: NA] | Request ID Generated 349a0786-8f3c-4eb7-a0cc-cf636d64d395
2026-03-17 16:08:52,044 | DEBUG | home_expense_tracker | add_correlation_id | [ID: 349a0786-8f3c-4eb7-a0cc-cf636d64d395] | Token <Token var=<ContextVar name='correlation_id' default='NA' at 0x000001F63B382430> at 0x000001F63D686180>
2026-03-17 16:08:52,046 | DEBUG | multipart | callback | [ID: 349a0786-8f3c-4eb7-a0cc-cf636d64d395] | Calling on_field_start with no data
2026-03-17 16:08:52,046 | DEBUG | multipart | callback | [ID: 349a0786-8f3c-4eb7-a0cc-cf636d64d395] | Calling on_field_name with data[0:8]
2026-03-17 16:08:52,047 | DEBUG | multipart | callback | [ID: 349a0786-8f3c-4eb7-a0cc-cf636d64d395] | Calling on_field_data with data[9:14]
2026-03-17 16:08:52,047 | DEBUG | multipart | callback | [ID: 349a0786-8f3c-4eb7-a0cc-cf636d64d395] | Calling on_field_end with no data
2026-03-17 16:08:52,047 | DEBUG | multipart | callback | [ID: 349a0786-8f3c-4eb7-a0cc-cf636d64d395] | Calling on_field_start with no data
2026-03-17 16:08:52,047 | DEBUG | multipart | callback | [ID: 349a0786-8f3c-4eb7-a0cc-cf636d64d395] | Calling on_field_name with data[15:23]
2026-03-17 16:08:52,047 | DEBUG | multipart | callback | [ID: 349a0786-8f3c-4eb7-a0cc-cf636d64d395] | Calling on_field_data with data[24:29]
2026-03-17 16:08:52,048 | DEBUG | multipart | callback | [ID: 349a0786-8f3c-4eb7-a0cc-cf636d64d395] | Calling on_field_end with no data
2026-03-17 16:08:52,048 | DEBUG | multipart | callback | [ID: 349a0786-8f3c-4eb7-a0cc-cf636d64d395] | Calling on_end with no data
2026-03-17 16:08:52,052 | DEBUG | auth | get_token | [ID: 349a0786-8f3c-4eb7-a0cc-cf636d64d395] | Inside Authenticate user method
2026-03-17 16:08:52,054 | INFO | base | _connection_begin_impl | [ID: 349a0786-8f3c-4eb7-a0cc-cf636d64d395] | BEGIN (implicit)
2026-03-17 16:08:52,055 | INFO | base | _execute_context | [ID: 349a0786-8f3c-4eb7-a0cc-cf636d64d395] | SELECT "User"."ID" AS "User_ID", "User"."UserName" AS "User_UserName", "User"."HashedPassword" AS "User_HashedPassword", "User"."FirstName" AS "User_FirstName", "User"."EmailAddress" AS "User_EmailAddress" 
FROM "User" 
WHERE "User"."UserName" = ?
 LIMIT ? OFFSET ?
2026-03-17 16:08:52,056 | INFO | base | _execute_context | [ID: 349a0786-8f3c-4eb7-a0cc-cf636d64d395] | [generated in 0.00075s] ('admin', 1, 0)
2026-03-17 16:08:52,057 | DEBUG | auth | get_token | [ID: 349a0786-8f3c-4eb7-a0cc-cf636d64d395] | UserName valid 1 admin
2026-03-17 16:08:52,058 | DEBUG | bcrypt | _load_backend_mixin | [ID: 349a0786-8f3c-4eb7-a0cc-cf636d64d395] | detected 'bcrypt' backend, version '4.0.1'
2026-03-17 16:08:52,058 | DEBUG | bcrypt | _finalize_backend_mixin | [ID: 349a0786-8f3c-4eb7-a0cc-cf636d64d395] | 'bcrypt' backend lacks $2$ support, enabling workaround
2026-03-17 16:08:52,345 | INFO | base | _connection_rollback_impl | [ID: 349a0786-8f3c-4eb7-a0cc-cf636d64d395] | ROLLBACK
2026-03-17 16:09:27,940 | DEBUG | home_expense_tracker | add_correlation_id | [ID: NA] | Request ID Generated fb3e9158-894a-4afa-a5bb-1a454147c0ba
2026-03-17 16:09:27,942 | DEBUG | home_expense_tracker | add_correlation_id | [ID: fb3e9158-894a-4afa-a5bb-1a454147c0ba] | Token <Token var=<ContextVar name='correlation_id' default='NA' at 0x000001F63B382430> at 0x000001F63D66D900>
2026-03-17 16:09:27,944 | DEBUG | multipart | callback | [ID: fb3e9158-894a-4afa-a5bb-1a454147c0ba] | Calling on_field_start with no data
2026-03-17 16:09:27,944 | DEBUG | multipart | callback | [ID: fb3e9158-894a-4afa-a5bb-1a454147c0ba] | Calling on_field_name with data[0:8]
2026-03-17 16:09:27,944 | DEBUG | multipart | callback | [ID: fb3e9158-894a-4afa-a5bb-1a454147c0ba] | Calling on_field_data with data[9:14]
2026-03-17 16:09:27,944 | DEBUG | multipart | callback | [ID: fb3e9158-894a-4afa-a5bb-1a454147c0ba] | Calling on_field_end with no data
2026-03-17 16:09:27,944 | DEBUG | multipart | callback | [ID: fb3e9158-894a-4afa-a5bb-1a454147c0ba] | Calling on_field_start with no data
2026-03-17 16:09:27,944 | DEBUG | multipart | callback | [ID: fb3e9158-894a-4afa-a5bb-1a454147c0ba] | Calling on_field_name with data[15:23]
2026-03-17 16:09:27,944 | DEBUG | multipart | callback | [ID: fb3e9158-894a-4afa-a5bb-1a454147c0ba] | Calling on_field_data with data[24:29]
2026-03-17 16:09:27,944 | DEBUG | multipart | callback | [ID: fb3e9158-894a-4afa-a5bb-1a454147c0ba] | Calling on_field_end with no data
2026-03-17 16:09:27,944 | DEBUG | multipart | callback | [ID: fb3e9158-894a-4afa-a5bb-1a454147c0ba] | Calling on_end with no data
2026-03-17 16:09:27,944 | DEBUG | auth | get_token | [ID: fb3e9158-894a-4afa-a5bb-1a454147c0ba] | Inside Authenticate user method
2026-03-17 16:09:27,944 | INFO | base | _connection_begin_impl | [ID: fb3e9158-894a-4afa-a5bb-1a454147c0ba] | BEGIN (implicit)
2026-03-17 16:09:27,949 | INFO | base | _execute_context | [ID: fb3e9158-894a-4afa-a5bb-1a454147c0ba] | SELECT "User"."ID" AS "User_ID", "User"."UserName" AS "User_UserName", "User"."HashedPassword" AS "User_HashedPassword", "User"."FirstName" AS "User_FirstName", "User"."EmailAddress" AS "User_EmailAddress" 
FROM "User" 
WHERE "User"."UserName" = ?
 LIMIT ? OFFSET ?
2026-03-17 16:09:27,952 | INFO | base | _execute_context | [ID: fb3e9158-894a-4afa-a5bb-1a454147c0ba] | [cached since 35.9s ago] ('admin', 1, 0)
2026-03-17 16:09:27,955 | DEBUG | auth | get_token | [ID: fb3e9158-894a-4afa-a5bb-1a454147c0ba] | UserName valid 1 admin
2026-03-17 16:09:28,290 | INFO | base | _connection_rollback_impl | [ID: fb3e9158-894a-4afa-a5bb-1a454147c0ba] | ROLLBACK
2026-03-17 16:09:49,848 | DEBUG | home_expense_tracker | add_correlation_id | [ID: NA] | Request ID Generated 16defdfe-d374-473d-ab95-debea56eb983
2026-03-17 16:09:49,848 | DEBUG | home_expense_tracker | add_correlation_id | [ID: 16defdfe-d374-473d-ab95-debea56eb983] | Token <Token var=<ContextVar name='correlation_id' default='NA' at 0x000001F63B382430> at 0x000001F63D66DAC0>
2026-03-17 16:09:49,848 | DEBUG | multipart | callback | [ID: 16defdfe-d374-473d-ab95-debea56eb983] | Calling on_field_start with no data
2026-03-17 16:09:49,848 | DEBUG | multipart | callback | [ID: 16defdfe-d374-473d-ab95-debea56eb983] | Calling on_field_name with data[0:8]
2026-03-17 16:09:49,848 | DEBUG | multipart | callback | [ID: 16defdfe-d374-473d-ab95-debea56eb983] | Calling on_field_data with data[9:13]
2026-03-17 16:09:49,848 | DEBUG | multipart | callback | [ID: 16defdfe-d374-473d-ab95-debea56eb983] | Calling on_field_end with no data
2026-03-17 16:09:49,850 | DEBUG | multipart | callback | [ID: 16defdfe-d374-473d-ab95-debea56eb983] | Calling on_field_start with no data
2026-03-17 16:09:49,850 | DEBUG | multipart | callback | [ID: 16defdfe-d374-473d-ab95-debea56eb983] | Calling on_field_name with data[14:22]
2026-03-17 16:09:49,850 | DEBUG | multipart | callback | [ID: 16defdfe-d374-473d-ab95-debea56eb983] | Calling on_field_data with data[23:33]
2026-03-17 16:09:49,850 | DEBUG | multipart | callback | [ID: 16defdfe-d374-473d-ab95-debea56eb983] | Calling on_field_end with no data
2026-03-17 16:09:49,850 | DEBUG | multipart | callback | [ID: 16defdfe-d374-473d-ab95-debea56eb983] | Calling on_end with no data
2026-03-17 16:09:49,852 | DEBUG | auth | get_token | [ID: 16defdfe-d374-473d-ab95-debea56eb983] | Inside Authenticate user method
2026-03-17 16:09:49,852 | INFO | base | _connection_begin_impl | [ID: 16defdfe-d374-473d-ab95-debea56eb983] | BEGIN (implicit)
2026-03-17 16:09:49,852 | INFO | base | _execute_context | [ID: 16defdfe-d374-473d-ab95-debea56eb983] | SELECT "User"."ID" AS "User_ID", "User"."UserName" AS "User_UserName", "User"."HashedPassword" AS "User_HashedPassword", "User"."FirstName" AS "User_FirstName", "User"."EmailAddress" AS "User_EmailAddress" 
FROM "User" 
WHERE "User"."UserName" = ?
 LIMIT ? OFFSET ?
2026-03-17 16:09:49,852 | INFO | base | _execute_context | [ID: 16defdfe-d374-473d-ab95-debea56eb983] | [cached since 57.8s ago] ('sund', 1, 0)
2026-03-17 16:09:49,854 | DEBUG | auth | get_token | [ID: 16defdfe-d374-473d-ab95-debea56eb983] | UserName valid 2 sund
2026-03-17 16:09:50,048 | DEBUG | auth | get_token | [ID: 16defdfe-d374-473d-ab95-debea56eb983] | Password valid
2026-03-17 16:09:50,048 | DEBUG | auth | create_access_token | [ID: 16defdfe-d374-473d-ab95-debea56eb983] | JWT Payload inputs 2 sund 0:20:00
2026-03-17 16:09:50,048 | INFO | base | _connection_rollback_impl | [ID: 16defdfe-d374-473d-ab95-debea56eb983] | ROLLBACK
2026-03-17 16:09:50,610 | DEBUG | home_expense_tracker | add_correlation_id | [ID: NA] | Request ID Generated d71f6c6c-9b3b-4d80-9e59-f7fe7d0cb7ed
2026-03-17 16:09:50,610 | DEBUG | home_expense_tracker | add_correlation_id | [ID: d71f6c6c-9b3b-4d80-9e59-f7fe7d0cb7ed] | Token <Token var=<ContextVar name='correlation_id' default='NA' at 0x000001F63B382430> at 0x000001F63D66CDC0>
2026-03-17 16:09:50,611 | DEBUG | auth | get_current_user | [ID: d71f6c6c-9b3b-4d80-9e59-f7fe7d0cb7ed] | Inside get_current_user
2026-03-17 16:09:50,612 | DEBUG | users | get_user_details | [ID: d71f6c6c-9b3b-4d80-9e59-f7fe7d0cb7ed] | Inside get_user
2026-03-17 16:09:50,613 | INFO | base | _connection_begin_impl | [ID: d71f6c6c-9b3b-4d80-9e59-f7fe7d0cb7ed] | BEGIN (implicit)
2026-03-17 16:09:50,613 | INFO | base | _execute_context | [ID: d71f6c6c-9b3b-4d80-9e59-f7fe7d0cb7ed] | SELECT "User"."ID" AS "User_ID", "User"."UserName" AS "User_UserName", "User"."HashedPassword" AS "User_HashedPassword", "User"."FirstName" AS "User_FirstName", "User"."EmailAddress" AS "User_EmailAddress" 
FROM "User" 
WHERE "User"."ID" = ?
 LIMIT ? OFFSET ?
2026-03-17 16:09:50,613 | INFO | base | _execute_context | [ID: d71f6c6c-9b3b-4d80-9e59-f7fe7d0cb7ed] | [cached since 554.5s ago] (2, 1, 0)
2026-03-17 16:09:50,615 | INFO | base | _connection_rollback_impl | [ID: d71f6c6c-9b3b-4d80-9e59-f7fe7d0cb7ed] | ROLLBACK
2026-03-17 16:09:52,337 | DEBUG | home_expense_tracker | add_correlation_id | [ID: NA] | Request ID Generated 3151890a-f516-4427-ac58-2170d905613f
2026-03-17 16:09:52,338 | DEBUG | home_expense_tracker | add_correlation_id | [ID: 3151890a-f516-4427-ac58-2170d905613f] | Token <Token var=<ContextVar name='correlation_id' default='NA' at 0x000001F63B382430> at 0x000001F63D6860C0>
2026-03-17 16:09:52,338 | DEBUG | auth | get_current_user | [ID: 3151890a-f516-4427-ac58-2170d905613f] | Inside get_current_user
2026-03-17 16:09:52,339 | DEBUG | expenses | get_all_expenses | [ID: 3151890a-f516-4427-ac58-2170d905613f] | Get all expenses invoked
2026-03-17 16:09:52,340 | INFO | base | _connection_begin_impl | [ID: 3151890a-f516-4427-ac58-2170d905613f] | BEGIN (implicit)
2026-03-17 16:09:52,340 | INFO | base | _execute_context | [ID: 3151890a-f516-4427-ac58-2170d905613f] | SELECT expense."ID" AS "expense_ID", expense."PurchaseDate" AS "expense_PurchaseDate", expense."Amount" AS "expense_Amount", expense."Store" AS "expense_Store", expense."Card" AS "expense_Card", expense."UserID" AS "expense_UserID" 
FROM expense 
WHERE expense."UserID" = ?
2026-03-17 16:09:52,340 | INFO | base | _execute_context | [ID: 3151890a-f516-4427-ac58-2170d905613f] | [cached since 555.3s ago] (2,)
2026-03-17 16:09:52,342 | INFO | base | _connection_rollback_impl | [ID: 3151890a-f516-4427-ac58-2170d905613f] | ROLLBACK
2026-03-17 16:10:13,445 | DEBUG | home_expense_tracker | add_correlation_id | [ID: NA] | Request ID Generated 8a0ecfd6-f161-4eb3-aa36-64707d856c43
2026-03-17 16:10:13,445 | DEBUG | home_expense_tracker | add_correlation_id | [ID: 8a0ecfd6-f161-4eb3-aa36-64707d856c43] | Token <Token var=<ContextVar name='correlation_id' default='NA' at 0x000001F63B382430> at 0x000001F63D685F40>
2026-03-17 16:10:13,445 | DEBUG | home_expense_tracker | add_correlation_id | [ID: NA] | Request ID Generated 06d6c31f-cb6c-49ef-945b-b16ccaa6d6a8
2026-03-17 16:10:13,445 | DEBUG | home_expense_tracker | add_correlation_id | [ID: 06d6c31f-cb6c-49ef-945b-b16ccaa6d6a8] | Token <Token var=<ContextVar name='correlation_id' default='NA' at 0x000001F63B382430> at 0x000001F63D690480>
2026-03-17 16:10:13,445 | DEBUG | auth | get_current_user | [ID: 06d6c31f-cb6c-49ef-945b-b16ccaa6d6a8] | Inside get_current_user
2026-03-17 16:10:13,445 | DEBUG | expenses | add_expense | [ID: 06d6c31f-cb6c-49ef-945b-b16ccaa6d6a8] | Inside Add Expense PurchaseDate=datetime.date(2026, 3, 17) Amount=Decimal('23.23') Store='Patidar' Card='Amex'
2026-03-17 16:10:13,452 | INFO | base | _connection_begin_impl | [ID: 06d6c31f-cb6c-49ef-945b-b16ccaa6d6a8] | BEGIN (implicit)
2026-03-17 16:10:13,452 | INFO | base | _execute_context | [ID: 06d6c31f-cb6c-49ef-945b-b16ccaa6d6a8] | INSERT INTO expense ("PurchaseDate", "Amount", "Store", "Card", "UserID") VALUES (?, ?, ?, ?, ?)
2026-03-17 16:10:13,452 | INFO | base | _execute_context | [ID: 06d6c31f-cb6c-49ef-945b-b16ccaa6d6a8] | [generated in 0.00055s] ('2026-03-17', 23.23, 'Patidar', 'Amex', 2)
2026-03-17 16:10:13,462 | INFO | base | _connection_commit_impl | [ID: 06d6c31f-cb6c-49ef-945b-b16ccaa6d6a8] | COMMIT
2026-03-17 16:10:13,471 | DEBUG | home_expense_tracker | add_correlation_id | [ID: NA] | Request ID Generated 299f33ec-5f88-4398-94ff-5bffd492cd6d
2026-03-17 16:10:13,471 | DEBUG | home_expense_tracker | add_correlation_id | [ID: 299f33ec-5f88-4398-94ff-5bffd492cd6d] | Token <Token var=<ContextVar name='correlation_id' default='NA' at 0x000001F63B382430> at 0x000001F63D6901C0>
2026-03-17 16:10:13,471 | DEBUG | auth | get_current_user | [ID: 299f33ec-5f88-4398-94ff-5bffd492cd6d] | Inside get_current_user
2026-03-17 16:10:13,471 | DEBUG | expenses | get_all_expenses | [ID: 299f33ec-5f88-4398-94ff-5bffd492cd6d] | Get all expenses invoked
2026-03-17 16:10:13,473 | INFO | base | _connection_begin_impl | [ID: 299f33ec-5f88-4398-94ff-5bffd492cd6d] | BEGIN (implicit)
2026-03-17 16:10:13,473 | INFO | base | _execute_context | [ID: 299f33ec-5f88-4398-94ff-5bffd492cd6d] | SELECT expense."ID" AS "expense_ID", expense."PurchaseDate" AS "expense_PurchaseDate", expense."Amount" AS "expense_Amount", expense."Store" AS "expense_Store", expense."Card" AS "expense_Card", expense."UserID" AS "expense_UserID" 
FROM expense 
WHERE expense."UserID" = ?
2026-03-17 16:10:13,473 | INFO | base | _execute_context | [ID: 299f33ec-5f88-4398-94ff-5bffd492cd6d] | [cached since 576.4s ago] (2,)
2026-03-17 16:10:13,473 | INFO | base | _connection_rollback_impl | [ID: 299f33ec-5f88-4398-94ff-5bffd492cd6d] | ROLLBACK
2026-03-17 16:10:23,252 | DEBUG | home_expense_tracker | add_correlation_id | [ID: NA] | Request ID Generated da969ddf-66f1-450e-85db-f990d371ae4d
2026-03-17 16:10:23,252 | DEBUG | home_expense_tracker | add_correlation_id | [ID: da969ddf-66f1-450e-85db-f990d371ae4d] | Token <Token var=<ContextVar name='correlation_id' default='NA' at 0x000001F63B382430> at 0x000001F63D693080>
2026-03-17 16:10:23,252 | DEBUG | home_expense_tracker | add_correlation_id | [ID: NA] | Request ID Generated c7df6717-d5f8-48d9-9aa0-d6a581bd4d6f
2026-03-17 16:10:23,252 | DEBUG | home_expense_tracker | add_correlation_id | [ID: c7df6717-d5f8-48d9-9aa0-d6a581bd4d6f] | Token <Token var=<ContextVar name='correlation_id' default='NA' at 0x000001F63B382430> at 0x000001F63D6930C0>
2026-03-17 16:10:23,256 | DEBUG | auth | get_current_user | [ID: c7df6717-d5f8-48d9-9aa0-d6a581bd4d6f] | Inside get_current_user
2026-03-17 16:10:23,257 | DEBUG | expenses | get_expense_by_date | [ID: c7df6717-d5f8-48d9-9aa0-d6a581bd4d6f] | From Date 2026-03-17
2026-03-17 16:10:23,257 | DEBUG | expenses | get_expense_by_date | [ID: c7df6717-d5f8-48d9-9aa0-d6a581bd4d6f] | To Date 2026-03-17
2026-03-17 16:10:23,258 | INFO | base | _connection_begin_impl | [ID: c7df6717-d5f8-48d9-9aa0-d6a581bd4d6f] | BEGIN (implicit)
2026-03-17 16:10:23,258 | INFO | base | _execute_context | [ID: c7df6717-d5f8-48d9-9aa0-d6a581bd4d6f] | SELECT expense."ID" AS "expense_ID", expense."PurchaseDate" AS "expense_PurchaseDate", expense."Amount" AS "expense_Amount", expense."Store" AS "expense_Store", expense."Card" AS "expense_Card", expense."UserID" AS "expense_UserID" 
FROM expense 
WHERE expense."UserID" = ? AND expense."PurchaseDate" BETWEEN ? AND ?
2026-03-17 16:10:23,258 | INFO | base | _execute_context | [ID: c7df6717-d5f8-48d9-9aa0-d6a581bd4d6f] | [generated in 0.00073s] (2, '2026-03-17', '2026-03-17')
2026-03-17 16:10:23,261 | INFO | base | _connection_rollback_impl | [ID: c7df6717-d5f8-48d9-9aa0-d6a581bd4d6f] | ROLLBACK
2026-03-17 16:10:26,891 | DEBUG | home_expense_tracker | add_correlation_id | [ID: NA] | Request ID Generated 9ba2b2dd-410c-4770-9ef4-80ce336e1bc1
2026-03-17 16:10:26,891 | DEBUG | home_expense_tracker | add_correlation_id | [ID: 9ba2b2dd-410c-4770-9ef4-80ce336e1bc1] | Token <Token var=<ContextVar name='correlation_id' default='NA' at 0x000001F63B382430> at 0x000001F63D66E380>
2026-03-17 16:10:26,891 | DEBUG | auth | get_current_user | [ID: 9ba2b2dd-410c-4770-9ef4-80ce336e1bc1] | Inside get_current_user
2026-03-17 16:10:26,891 | DEBUG | expenses | get_all_expenses | [ID: 9ba2b2dd-410c-4770-9ef4-80ce336e1bc1] | Get all expenses invoked
2026-03-17 16:10:26,891 | INFO | base | _connection_begin_impl | [ID: 9ba2b2dd-410c-4770-9ef4-80ce336e1bc1] | BEGIN (implicit)
2026-03-17 16:10:26,893 | INFO | base | _execute_context | [ID: 9ba2b2dd-410c-4770-9ef4-80ce336e1bc1] | SELECT expense."ID" AS "expense_ID", expense."PurchaseDate" AS "expense_PurchaseDate", expense."Amount" AS "expense_Amount", expense."Store" AS "expense_Store", expense."Card" AS "expense_Card", expense."UserID" AS "expense_UserID" 
FROM expense 
WHERE expense."UserID" = ?
2026-03-17 16:10:26,893 | INFO | base | _execute_context | [ID: 9ba2b2dd-410c-4770-9ef4-80ce336e1bc1] | [cached since 589.8s ago] (2,)
2026-03-17 16:10:26,896 | INFO | base | _connection_rollback_impl | [ID: 9ba2b2dd-410c-4770-9ef4-80ce336e1bc1] | ROLLBACK
2026-03-17 16:10:34,054 | DEBUG | home_expense_tracker | add_correlation_id | [ID: NA] | Request ID Generated 2a1ce0a1-0e1d-4593-8442-e3665278358d
2026-03-17 16:10:34,056 | DEBUG | home_expense_tracker | add_correlation_id | [ID: 2a1ce0a1-0e1d-4593-8442-e3665278358d] | Token <Token var=<ContextVar name='correlation_id' default='NA' at 0x000001F63B382430> at 0x000001F63D6931C0>
2026-03-17 16:10:34,058 | DEBUG | home_expense_tracker | add_correlation_id | [ID: NA] | Request ID Generated 39492d52-c2d6-4cd8-bb88-f88851996c23
2026-03-17 16:10:34,058 | DEBUG | home_expense_tracker | add_correlation_id | [ID: 39492d52-c2d6-4cd8-bb88-f88851996c23] | Token <Token var=<ContextVar name='correlation_id' default='NA' at 0x000001F63B382430> at 0x000001F63D692740>
2026-03-17 16:10:34,059 | DEBUG | auth | get_current_user | [ID: 39492d52-c2d6-4cd8-bb88-f88851996c23] | Inside get_current_user
2026-03-17 16:10:34,059 | DEBUG | expenses | get_expense_by_category | [ID: 39492d52-c2d6-4cd8-bb88-f88851996c23] | Category Name Card
Category Value Mastercard
2026-03-17 16:10:34,061 | INFO | base | _connection_begin_impl | [ID: 39492d52-c2d6-4cd8-bb88-f88851996c23] | BEGIN (implicit)
2026-03-17 16:10:34,061 | INFO | base | _execute_context | [ID: 39492d52-c2d6-4cd8-bb88-f88851996c23] | SELECT expense."ID" AS "expense_ID", expense."PurchaseDate" AS "expense_PurchaseDate", expense."Amount" AS "expense_Amount", expense."Store" AS "expense_Store", expense."Card" AS "expense_Card", expense."UserID" AS "expense_UserID" 
FROM expense 
WHERE expense."UserID" = ? AND lower(expense."Card") LIKE lower(?)
2026-03-17 16:10:34,061 | INFO | base | _execute_context | [ID: 39492d52-c2d6-4cd8-bb88-f88851996c23] | [generated in 0.00046s] (2, 'Mastercard')
2026-03-17 16:10:34,063 | INFO | base | _connection_rollback_impl | [ID: 39492d52-c2d6-4cd8-bb88-f88851996c23] | ROLLBACK
2026-03-17 16:10:39,848 | DEBUG | home_expense_tracker | add_correlation_id | [ID: NA] | Request ID Generated 45761219-03b1-4caf-857c-307a80b716c2
2026-03-17 16:10:39,848 | DEBUG | home_expense_tracker | add_correlation_id | [ID: 45761219-03b1-4caf-857c-307a80b716c2] | Token <Token var=<ContextVar name='correlation_id' default='NA' at 0x000001F63B382430> at 0x000001F63D694FC0>
2026-03-17 16:10:39,848 | DEBUG | auth | get_current_user | [ID: 45761219-03b1-4caf-857c-307a80b716c2] | Inside get_current_user
2026-03-17 16:10:39,850 | DEBUG | expenses | get_all_expenses | [ID: 45761219-03b1-4caf-857c-307a80b716c2] | Get all expenses invoked
2026-03-17 16:10:39,851 | INFO | base | _connection_begin_impl | [ID: 45761219-03b1-4caf-857c-307a80b716c2] | BEGIN (implicit)
2026-03-17 16:10:39,851 | INFO | base | _execute_context | [ID: 45761219-03b1-4caf-857c-307a80b716c2] | SELECT expense."ID" AS "expense_ID", expense."PurchaseDate" AS "expense_PurchaseDate", expense."Amount" AS "expense_Amount", expense."Store" AS "expense_Store", expense."Card" AS "expense_Card", expense."UserID" AS "expense_UserID" 
FROM expense 
WHERE expense."UserID" = ?
2026-03-17 16:10:39,851 | INFO | base | _execute_context | [ID: 45761219-03b1-4caf-857c-307a80b716c2] | [cached since 602.8s ago] (2,)
2026-03-17 16:10:39,851 | INFO | base | _connection_rollback_impl | [ID: 45761219-03b1-4caf-857c-307a80b716c2] | ROLLBACK
2026-03-17 16:10:52,229 | DEBUG | home_expense_tracker | add_correlation_id | [ID: NA] | Request ID Generated 956254f1-0e1c-43b6-b2c9-aee9e3f9580b
2026-03-17 16:10:52,229 | DEBUG | home_expense_tracker | add_correlation_id | [ID: 956254f1-0e1c-43b6-b2c9-aee9e3f9580b] | Token <Token var=<ContextVar name='correlation_id' default='NA' at 0x000001F63B382430> at 0x000001F63D6969C0>
2026-03-17 16:10:52,230 | DEBUG | auth | get_current_user | [ID: 956254f1-0e1c-43b6-b2c9-aee9e3f9580b] | Inside get_current_user
2026-03-17 16:10:52,232 | DEBUG | users | get_user_details | [ID: 956254f1-0e1c-43b6-b2c9-aee9e3f9580b] | Inside get_user
2026-03-17 16:10:52,233 | INFO | base | _connection_begin_impl | [ID: 956254f1-0e1c-43b6-b2c9-aee9e3f9580b] | BEGIN (implicit)
2026-03-17 16:10:52,234 | INFO | base | _execute_context | [ID: 956254f1-0e1c-43b6-b2c9-aee9e3f9580b] | SELECT "User"."ID" AS "User_ID", "User"."UserName" AS "User_UserName", "User"."HashedPassword" AS "User_HashedPassword", "User"."FirstName" AS "User_FirstName", "User"."EmailAddress" AS "User_EmailAddress" 
FROM "User" 
WHERE "User"."ID" = ?
 LIMIT ? OFFSET ?
2026-03-17 16:10:52,234 | INFO | base | _execute_context | [ID: 956254f1-0e1c-43b6-b2c9-aee9e3f9580b] | [cached since 616.1s ago] (2, 1, 0)
2026-03-17 16:10:52,236 | INFO | base | _connection_rollback_impl | [ID: 956254f1-0e1c-43b6-b2c9-aee9e3f9580b] | ROLLBACK
2026-03-17 16:10:54,079 | DEBUG | home_expense_tracker | add_correlation_id | [ID: NA] | Request ID Generated 1a94450a-ea0b-4e55-86dd-53e663234231
2026-03-17 16:10:54,079 | DEBUG | home_expense_tracker | add_correlation_id | [ID: 1a94450a-ea0b-4e55-86dd-53e663234231] | Token <Token var=<ContextVar name='correlation_id' default='NA' at 0x000001F63B382430> at 0x000001F63D6926C0>
2026-03-17 16:10:54,080 | DEBUG | auth | get_current_user | [ID: 1a94450a-ea0b-4e55-86dd-53e663234231] | Inside get_current_user
2026-03-17 16:10:54,081 | DEBUG | expenses | get_all_expenses | [ID: 1a94450a-ea0b-4e55-86dd-53e663234231] | Get all expenses invoked
2026-03-17 16:10:54,082 | INFO | base | _connection_begin_impl | [ID: 1a94450a-ea0b-4e55-86dd-53e663234231] | BEGIN (implicit)
2026-03-17 16:10:54,082 | INFO | base | _execute_context | [ID: 1a94450a-ea0b-4e55-86dd-53e663234231] | SELECT expense."ID" AS "expense_ID", expense."PurchaseDate" AS "expense_PurchaseDate", expense."Amount" AS "expense_Amount", expense."Store" AS "expense_Store", expense."Card" AS "expense_Card", expense."UserID" AS "expense_UserID" 
FROM expense 
WHERE expense."UserID" = ?
2026-03-17 16:10:54,082 | INFO | base | _execute_context | [ID: 1a94450a-ea0b-4e55-86dd-53e663234231] | [cached since 617s ago] (2,)
2026-03-17 16:10:54,084 | INFO | base | _connection_rollback_impl | [ID: 1a94450a-ea0b-4e55-86dd-53e663234231] | ROLLBACK
2026-03-17 16:10:58,327 | DEBUG | home_expense_tracker | add_correlation_id | [ID: NA] | Request ID Generated 6b87a25f-b44b-4169-a131-082ce8a35eb9
2026-03-17 16:10:58,327 | DEBUG | home_expense_tracker | add_correlation_id | [ID: 6b87a25f-b44b-4169-a131-082ce8a35eb9] | Token <Token var=<ContextVar name='correlation_id' default='NA' at 0x000001F63B382430> at 0x000001F63D691C40>
2026-03-17 16:10:58,329 | DEBUG | auth | get_current_user | [ID: 6b87a25f-b44b-4169-a131-082ce8a35eb9] | Inside get_current_user
2026-03-17 16:10:58,330 | DEBUG | expenses | get_all_expenses | [ID: 6b87a25f-b44b-4169-a131-082ce8a35eb9] | Get all expenses invoked
2026-03-17 16:10:58,330 | INFO | base | _connection_begin_impl | [ID: 6b87a25f-b44b-4169-a131-082ce8a35eb9] | BEGIN (implicit)
2026-03-17 16:10:58,330 | INFO | base | _execute_context | [ID: 6b87a25f-b44b-4169-a131-082ce8a35eb9] | SELECT expense."ID" AS "expense_ID", expense."PurchaseDate" AS "expense_PurchaseDate", expense."Amount" AS "expense_Amount", expense."Store" AS "expense_Store", expense."Card" AS "expense_Card", expense."UserID" AS "expense_UserID" 
FROM expense 
WHERE expense."UserID" = ?
2026-03-17 16:10:58,330 | INFO | base | _execute_context | [ID: 6b87a25f-b44b-4169-a131-082ce8a35eb9] | [cached since 621.3s ago] (2,)
2026-03-17 16:10:58,333 | INFO | base | _connection_rollback_impl | [ID: 6b87a25f-b44b-4169-a131-082ce8a35eb9] | ROLLBACK
2026-03-17 16:10:59,841 | DEBUG | home_expense_tracker | add_correlation_id | [ID: NA] | Request ID Generated b507acfd-5d86-4147-ac36-cb60bfe66891
2026-03-17 16:10:59,841 | DEBUG | home_expense_tracker | add_correlation_id | [ID: b507acfd-5d86-4147-ac36-cb60bfe66891] | Token <Token var=<ContextVar name='correlation_id' default='NA' at 0x000001F63B382430> at 0x000001F63D696980>
2026-03-17 16:10:59,842 | DEBUG | auth | get_current_user | [ID: b507acfd-5d86-4147-ac36-cb60bfe66891] | Inside get_current_user
2026-03-17 16:10:59,843 | DEBUG | users | get_user_details | [ID: b507acfd-5d86-4147-ac36-cb60bfe66891] | Inside get_user
2026-03-17 16:10:59,843 | INFO | base | _connection_begin_impl | [ID: b507acfd-5d86-4147-ac36-cb60bfe66891] | BEGIN (implicit)
2026-03-17 16:10:59,843 | INFO | base | _execute_context | [ID: b507acfd-5d86-4147-ac36-cb60bfe66891] | SELECT "User"."ID" AS "User_ID", "User"."UserName" AS "User_UserName", "User"."HashedPassword" AS "User_HashedPassword", "User"."FirstName" AS "User_FirstName", "User"."EmailAddress" AS "User_EmailAddress" 
FROM "User" 
WHERE "User"."ID" = ?
 LIMIT ? OFFSET ?
2026-03-17 16:10:59,843 | INFO | base | _execute_context | [ID: b507acfd-5d86-4147-ac36-cb60bfe66891] | [cached since 623.7s ago] (2, 1, 0)
2026-03-17 16:10:59,843 | INFO | base | _connection_rollback_impl | [ID: b507acfd-5d86-4147-ac36-cb60bfe66891] | ROLLBACK
2026-03-17 16:11:07,770 | DEBUG | home_expense_tracker | add_correlation_id | [ID: NA] | Request ID Generated b2d51212-01b6-4bac-8229-980d4cdf7ac3
2026-03-17 16:11:07,770 | DEBUG | home_expense_tracker | add_correlation_id | [ID: b2d51212-01b6-4bac-8229-980d4cdf7ac3] | Token <Token var=<ContextVar name='correlation_id' default='NA' at 0x000001F63B382430> at 0x000001F63D69C300>
2026-03-17 16:11:07,770 | DEBUG | multipart | callback | [ID: b2d51212-01b6-4bac-8229-980d4cdf7ac3] | Calling on_field_start with no data
2026-03-17 16:11:07,770 | DEBUG | multipart | callback | [ID: b2d51212-01b6-4bac-8229-980d4cdf7ac3] | Calling on_field_name with data[0:8]
2026-03-17 16:11:07,770 | DEBUG | multipart | callback | [ID: b2d51212-01b6-4bac-8229-980d4cdf7ac3] | Calling on_field_data with data[9:14]
2026-03-17 16:11:07,772 | DEBUG | multipart | callback | [ID: b2d51212-01b6-4bac-8229-980d4cdf7ac3] | Calling on_field_end with no data
2026-03-17 16:11:07,772 | DEBUG | multipart | callback | [ID: b2d51212-01b6-4bac-8229-980d4cdf7ac3] | Calling on_field_start with no data
2026-03-17 16:11:07,772 | DEBUG | multipart | callback | [ID: b2d51212-01b6-4bac-8229-980d4cdf7ac3] | Calling on_field_name with data[15:23]
2026-03-17 16:11:07,772 | DEBUG | multipart | callback | [ID: b2d51212-01b6-4bac-8229-980d4cdf7ac3] | Calling on_field_data with data[24:32]
2026-03-17 16:11:07,772 | DEBUG | multipart | callback | [ID: b2d51212-01b6-4bac-8229-980d4cdf7ac3] | Calling on_field_end with no data
2026-03-17 16:11:07,772 | DEBUG | multipart | callback | [ID: b2d51212-01b6-4bac-8229-980d4cdf7ac3] | Calling on_end with no data
2026-03-17 16:11:07,773 | DEBUG | auth | get_token | [ID: b2d51212-01b6-4bac-8229-980d4cdf7ac3] | Inside Authenticate user method
2026-03-17 16:11:07,773 | INFO | base | _connection_begin_impl | [ID: b2d51212-01b6-4bac-8229-980d4cdf7ac3] | BEGIN (implicit)
2026-03-17 16:11:07,773 | INFO | base | _execute_context | [ID: b2d51212-01b6-4bac-8229-980d4cdf7ac3] | SELECT "User"."ID" AS "User_ID", "User"."UserName" AS "User_UserName", "User"."HashedPassword" AS "User_HashedPassword", "User"."FirstName" AS "User_FirstName", "User"."EmailAddress" AS "User_EmailAddress" 
FROM "User" 
WHERE "User"."UserName" = ?
 LIMIT ? OFFSET ?
2026-03-17 16:11:07,773 | INFO | base | _execute_context | [ID: b2d51212-01b6-4bac-8229-980d4cdf7ac3] | [cached since 135.7s ago] ('admin', 1, 0)
2026-03-17 16:11:07,773 | DEBUG | auth | get_token | [ID: b2d51212-01b6-4bac-8229-980d4cdf7ac3] | UserName valid 1 admin
2026-03-17 16:11:07,977 | DEBUG | auth | get_token | [ID: b2d51212-01b6-4bac-8229-980d4cdf7ac3] | Password valid
2026-03-17 16:11:07,980 | DEBUG | auth | create_access_token | [ID: b2d51212-01b6-4bac-8229-980d4cdf7ac3] | JWT Payload inputs 1 admin 0:20:00
2026-03-17 16:11:07,983 | INFO | base | _connection_rollback_impl | [ID: b2d51212-01b6-4bac-8229-980d4cdf7ac3] | ROLLBACK
2026-03-17 16:11:08,655 | DEBUG | home_expense_tracker | add_correlation_id | [ID: NA] | Request ID Generated 68b15d7a-3cec-42c9-893f-fff9449ec7b0
2026-03-17 16:11:08,655 | DEBUG | home_expense_tracker | add_correlation_id | [ID: 68b15d7a-3cec-42c9-893f-fff9449ec7b0] | Token <Token var=<ContextVar name='correlation_id' default='NA' at 0x000001F63B382430> at 0x000001F63D66D680>
2026-03-17 16:11:08,656 | DEBUG | auth | get_current_user | [ID: 68b15d7a-3cec-42c9-893f-fff9449ec7b0] | Inside get_current_user
2026-03-17 16:11:08,658 | DEBUG | users | get_user_details | [ID: 68b15d7a-3cec-42c9-893f-fff9449ec7b0] | Inside get_user
2026-03-17 16:11:08,659 | INFO | base | _connection_begin_impl | [ID: 68b15d7a-3cec-42c9-893f-fff9449ec7b0] | BEGIN (implicit)
2026-03-17 16:11:08,660 | INFO | base | _execute_context | [ID: 68b15d7a-3cec-42c9-893f-fff9449ec7b0] | SELECT "User"."ID" AS "User_ID", "User"."UserName" AS "User_UserName", "User"."HashedPassword" AS "User_HashedPassword", "User"."FirstName" AS "User_FirstName", "User"."EmailAddress" AS "User_EmailAddress" 
FROM "User" 
WHERE "User"."ID" = ?
 LIMIT ? OFFSET ?
2026-03-17 16:11:08,661 | INFO | base | _execute_context | [ID: 68b15d7a-3cec-42c9-893f-fff9449ec7b0] | [cached since 632.6s ago] (1, 1, 0)
2026-03-17 16:11:08,665 | INFO | base | _connection_rollback_impl | [ID: 68b15d7a-3cec-42c9-893f-fff9449ec7b0] | ROLLBACK
2026-03-17 16:11:13,841 | DEBUG | home_expense_tracker | add_correlation_id | [ID: NA] | Request ID Generated 95fc95a1-61bd-47cd-a990-b3442f79c6f8
2026-03-17 16:11:13,841 | DEBUG | home_expense_tracker | add_correlation_id | [ID: 95fc95a1-61bd-47cd-a990-b3442f79c6f8] | Token <Token var=<ContextVar name='correlation_id' default='NA' at 0x000001F63B382430> at 0x000001F63D696C40>
2026-03-17 16:11:13,842 | DEBUG | auth | get_current_user | [ID: 95fc95a1-61bd-47cd-a990-b3442f79c6f8] | Inside get_current_user
2026-03-17 16:11:13,843 | DEBUG | expenses | get_all_expenses | [ID: 95fc95a1-61bd-47cd-a990-b3442f79c6f8] | Get all expenses invoked
2026-03-17 16:11:13,844 | INFO | base | _connection_begin_impl | [ID: 95fc95a1-61bd-47cd-a990-b3442f79c6f8] | BEGIN (implicit)
2026-03-17 16:11:13,844 | INFO | base | _execute_context | [ID: 95fc95a1-61bd-47cd-a990-b3442f79c6f8] | SELECT expense."ID" AS "expense_ID", expense."PurchaseDate" AS "expense_PurchaseDate", expense."Amount" AS "expense_Amount", expense."Store" AS "expense_Store", expense."Card" AS "expense_Card", expense."UserID" AS "expense_UserID" 
FROM expense 
WHERE expense."UserID" = ?
2026-03-17 16:11:13,844 | INFO | base | _execute_context | [ID: 95fc95a1-61bd-47cd-a990-b3442f79c6f8] | [cached since 636.8s ago] (1,)
2026-03-17 16:11:13,846 | INFO | base | _connection_rollback_impl | [ID: 95fc95a1-61bd-47cd-a990-b3442f79c6f8] | ROLLBACK
2026-03-17 16:14:41,739 | DEBUG | home_expense_tracker | add_correlation_id | [ID: NA] | Request ID Generated 04108326-a234-4829-ac15-2cc155afe312
2026-03-17 16:14:41,741 | DEBUG | home_expense_tracker | add_correlation_id | [ID: 04108326-a234-4829-ac15-2cc155afe312] | Token <Token var=<ContextVar name='correlation_id' default='NA' at 0x000001F63B382430> at 0x000001F63D686EC0>
2026-03-17 16:14:41,743 | DEBUG | multipart | callback | [ID: 04108326-a234-4829-ac15-2cc155afe312] | Calling on_field_start with no data
2026-03-17 16:14:41,743 | DEBUG | multipart | callback | [ID: 04108326-a234-4829-ac15-2cc155afe312] | Calling on_field_name with data[0:8]
2026-03-17 16:14:41,743 | DEBUG | multipart | callback | [ID: 04108326-a234-4829-ac15-2cc155afe312] | Calling on_field_data with data[9:14]
2026-03-17 16:14:41,743 | DEBUG | multipart | callback | [ID: 04108326-a234-4829-ac15-2cc155afe312] | Calling on_field_end with no data
2026-03-17 16:14:41,744 | DEBUG | multipart | callback | [ID: 04108326-a234-4829-ac15-2cc155afe312] | Calling on_field_start with no data
2026-03-17 16:14:41,744 | DEBUG | multipart | callback | [ID: 04108326-a234-4829-ac15-2cc155afe312] | Calling on_field_name with data[15:23]
2026-03-17 16:14:41,744 | DEBUG | multipart | callback | [ID: 04108326-a234-4829-ac15-2cc155afe312] | Calling on_field_data with data[24:29]
2026-03-17 16:14:41,744 | DEBUG | multipart | callback | [ID: 04108326-a234-4829-ac15-2cc155afe312] | Calling on_field_end with no data
2026-03-17 16:14:41,744 | DEBUG | multipart | callback | [ID: 04108326-a234-4829-ac15-2cc155afe312] | Calling on_end with no data
2026-03-17 16:14:41,745 | DEBUG | auth | get_token | [ID: 04108326-a234-4829-ac15-2cc155afe312] | Inside Authenticate user method
2026-03-17 16:14:41,746 | INFO | base | _connection_begin_impl | [ID: 04108326-a234-4829-ac15-2cc155afe312] | BEGIN (implicit)
2026-03-17 16:14:41,746 | INFO | base | _execute_context | [ID: 04108326-a234-4829-ac15-2cc155afe312] | SELECT "User"."ID" AS "User_ID", "User"."UserName" AS "User_UserName", "User"."HashedPassword" AS "User_HashedPassword", "User"."FirstName" AS "User_FirstName", "User"."EmailAddress" AS "User_EmailAddress" 
FROM "User" 
WHERE "User"."UserName" = ?
 LIMIT ? OFFSET ?
2026-03-17 16:14:41,746 | INFO | base | _execute_context | [ID: 04108326-a234-4829-ac15-2cc155afe312] | [cached since 349.7s ago] ('admin', 1, 0)
2026-03-17 16:14:41,747 | DEBUG | auth | get_token | [ID: 04108326-a234-4829-ac15-2cc155afe312] | UserName valid 1 admin
2026-03-17 16:14:41,958 | INFO | base | _connection_rollback_impl | [ID: 04108326-a234-4829-ac15-2cc155afe312] | ROLLBACK
2026-03-17 16:15:40,850 | DEBUG | home_expense_tracker | add_correlation_id | [ID: NA] | Request ID Generated a4ce6a87-1bdf-479c-b886-60078641762e
2026-03-17 16:15:40,851 | DEBUG | home_expense_tracker | add_correlation_id | [ID: a4ce6a87-1bdf-479c-b886-60078641762e] | Token <Token var=<ContextVar name='correlation_id' default='NA' at 0x000001F63B382430> at 0x000001F63D691C40>
2026-03-17 16:15:40,852 | DEBUG | multipart | callback | [ID: a4ce6a87-1bdf-479c-b886-60078641762e] | Calling on_field_start with no data
2026-03-17 16:15:40,852 | DEBUG | multipart | callback | [ID: a4ce6a87-1bdf-479c-b886-60078641762e] | Calling on_field_name with data[0:8]
2026-03-17 16:15:40,852 | DEBUG | multipart | callback | [ID: a4ce6a87-1bdf-479c-b886-60078641762e] | Calling on_field_data with data[9:14]
2026-03-17 16:15:40,853 | DEBUG | multipart | callback | [ID: a4ce6a87-1bdf-479c-b886-60078641762e] | Calling on_field_end with no data
2026-03-17 16:15:40,853 | DEBUG | multipart | callback | [ID: a4ce6a87-1bdf-479c-b886-60078641762e] | Calling on_field_start with no data
2026-03-17 16:15:40,853 | DEBUG | multipart | callback | [ID: a4ce6a87-1bdf-479c-b886-60078641762e] | Calling on_field_name with data[15:23]
2026-03-17 16:15:40,853 | DEBUG | multipart | callback | [ID: a4ce6a87-1bdf-479c-b886-60078641762e] | Calling on_field_data with data[24:32]
2026-03-17 16:15:40,853 | DEBUG | multipart | callback | [ID: a4ce6a87-1bdf-479c-b886-60078641762e] | Calling on_field_end with no data
2026-03-17 16:15:40,854 | DEBUG | multipart | callback | [ID: a4ce6a87-1bdf-479c-b886-60078641762e] | Calling on_end with no data
2026-03-17 16:15:40,855 | DEBUG | auth | get_token | [ID: a4ce6a87-1bdf-479c-b886-60078641762e] | Inside Authenticate user method
2026-03-17 16:15:40,855 | INFO | base | _connection_begin_impl | [ID: a4ce6a87-1bdf-479c-b886-60078641762e] | BEGIN (implicit)
2026-03-17 16:15:40,857 | INFO | base | _execute_context | [ID: a4ce6a87-1bdf-479c-b886-60078641762e] | SELECT "User"."ID" AS "User_ID", "User"."UserName" AS "User_UserName", "User"."HashedPassword" AS "User_HashedPassword", "User"."FirstName" AS "User_FirstName", "User"."EmailAddress" AS "User_EmailAddress" 
FROM "User" 
WHERE "User"."UserName" = ?
 LIMIT ? OFFSET ?
2026-03-17 16:15:40,860 | INFO | base | _execute_context | [ID: a4ce6a87-1bdf-479c-b886-60078641762e] | [cached since 408.8s ago] ('admin', 1, 0)
2026-03-17 16:15:40,862 | DEBUG | auth | get_token | [ID: a4ce6a87-1bdf-479c-b886-60078641762e] | UserName valid 1 admin
2026-03-17 16:15:41,113 | DEBUG | auth | get_token | [ID: a4ce6a87-1bdf-479c-b886-60078641762e] | Password valid
2026-03-17 16:15:41,113 | DEBUG | auth | create_access_token | [ID: a4ce6a87-1bdf-479c-b886-60078641762e] | JWT Payload inputs 1 admin 0:20:00
2026-03-17 16:15:41,121 | INFO | base | _connection_rollback_impl | [ID: a4ce6a87-1bdf-479c-b886-60078641762e] | ROLLBACK
2026-03-17 16:15:41,866 | DEBUG | home_expense_tracker | add_correlation_id | [ID: NA] | Request ID Generated 6949d4aa-92df-426e-827a-9a3a083882f2
2026-03-17 16:15:41,868 | DEBUG | home_expense_tracker | add_correlation_id | [ID: 6949d4aa-92df-426e-827a-9a3a083882f2] | Token <Token var=<ContextVar name='correlation_id' default='NA' at 0x000001F63B382430> at 0x000001F63D692540>
2026-03-17 16:15:41,875 | DEBUG | home_expense_tracker | add_correlation_id | [ID: NA] | Request ID Generated 88f028fd-cf41-4bdc-9738-32a7d6d7b5b2
2026-03-17 16:15:41,877 | DEBUG | home_expense_tracker | add_correlation_id | [ID: 88f028fd-cf41-4bdc-9738-32a7d6d7b5b2] | Token <Token var=<ContextVar name='correlation_id' default='NA' at 0x000001F63B382430> at 0x000001F63D69C040>
2026-03-17 16:15:41,879 | DEBUG | auth | get_current_user | [ID: 88f028fd-cf41-4bdc-9738-32a7d6d7b5b2] | Inside get_current_user
2026-03-17 16:15:41,881 | DEBUG | users | get_user_details | [ID: 88f028fd-cf41-4bdc-9738-32a7d6d7b5b2] | Inside get_user
2026-03-17 16:15:41,881 | INFO | base | _connection_begin_impl | [ID: 88f028fd-cf41-4bdc-9738-32a7d6d7b5b2] | BEGIN (implicit)
2026-03-17 16:15:41,882 | INFO | base | _execute_context | [ID: 88f028fd-cf41-4bdc-9738-32a7d6d7b5b2] | SELECT "User"."ID" AS "User_ID", "User"."UserName" AS "User_UserName", "User"."HashedPassword" AS "User_HashedPassword", "User"."FirstName" AS "User_FirstName", "User"."EmailAddress" AS "User_EmailAddress" 
FROM "User" 
WHERE "User"."ID" = ?
 LIMIT ? OFFSET ?
2026-03-17 16:15:41,883 | INFO | base | _execute_context | [ID: 88f028fd-cf41-4bdc-9738-32a7d6d7b5b2] | [cached since 905.8s ago] (1, 1, 0)
2026-03-17 16:15:41,886 | INFO | base | _connection_rollback_impl | [ID: 88f028fd-cf41-4bdc-9738-32a7d6d7b5b2] | ROLLBACK
2026-03-17 16:15:47,365 | DEBUG | home_expense_tracker | add_correlation_id | [ID: NA] | Request ID Generated ca0cea7e-bd7d-4ae6-879f-02bb094ea940
2026-03-17 16:15:47,365 | DEBUG | home_expense_tracker | add_correlation_id | [ID: ca0cea7e-bd7d-4ae6-879f-02bb094ea940] | Token <Token var=<ContextVar name='correlation_id' default='NA' at 0x000001F63B382430> at 0x000001F63D69CAC0>
2026-03-17 16:15:47,367 | DEBUG | home_expense_tracker | add_correlation_id | [ID: NA] | Request ID Generated 8cf7517a-0f20-444a-ba39-cd5c0814a5cb
2026-03-17 16:15:47,367 | DEBUG | home_expense_tracker | add_correlation_id | [ID: 8cf7517a-0f20-444a-ba39-cd5c0814a5cb] | Token <Token var=<ContextVar name='correlation_id' default='NA' at 0x000001F63B382430> at 0x000001F63D69EC40>
2026-03-17 16:15:47,368 | DEBUG | auth | get_current_user | [ID: 8cf7517a-0f20-444a-ba39-cd5c0814a5cb] | Inside get_current_user
2026-03-17 16:15:47,368 | DEBUG | expenses | get_all_expenses | [ID: 8cf7517a-0f20-444a-ba39-cd5c0814a5cb] | Get all expenses invoked
2026-03-17 16:15:47,370 | INFO | base | _connection_begin_impl | [ID: 8cf7517a-0f20-444a-ba39-cd5c0814a5cb] | BEGIN (implicit)
2026-03-17 16:15:47,370 | INFO | base | _execute_context | [ID: 8cf7517a-0f20-444a-ba39-cd5c0814a5cb] | SELECT expense."ID" AS "expense_ID", expense."PurchaseDate" AS "expense_PurchaseDate", expense."Amount" AS "expense_Amount", expense."Store" AS "expense_Store", expense."Card" AS "expense_Card", expense."UserID" AS "expense_UserID" 
FROM expense 
WHERE expense."UserID" = ?
2026-03-17 16:15:47,372 | INFO | base | _execute_context | [ID: 8cf7517a-0f20-444a-ba39-cd5c0814a5cb] | [cached since 910.3s ago] (1,)
2026-03-17 16:15:47,376 | INFO | base | _connection_rollback_impl | [ID: 8cf7517a-0f20-444a-ba39-cd5c0814a5cb] | ROLLBACK
2026-03-17 16:17:34,278 | DEBUG | home_expense_tracker | add_correlation_id | [ID: NA] | Request ID Generated b3d561e7-db50-42b6-8596-a9b9aefc1ba5
2026-03-17 16:17:34,279 | DEBUG | home_expense_tracker | add_correlation_id | [ID: b3d561e7-db50-42b6-8596-a9b9aefc1ba5] | Token <Token var=<ContextVar name='correlation_id' default='NA' at 0x000001F63B382430> at 0x000001F63D697D40>
2026-03-17 16:17:34,282 | DEBUG | auth | get_current_user | [ID: b3d561e7-db50-42b6-8596-a9b9aefc1ba5] | Inside get_current_user
2026-03-17 16:17:34,287 | DEBUG | users | get_user_details | [ID: b3d561e7-db50-42b6-8596-a9b9aefc1ba5] | Inside get_user
2026-03-17 16:17:34,291 | INFO | base | _connection_begin_impl | [ID: b3d561e7-db50-42b6-8596-a9b9aefc1ba5] | BEGIN (implicit)
2026-03-17 16:17:34,293 | INFO | base | _execute_context | [ID: b3d561e7-db50-42b6-8596-a9b9aefc1ba5] | SELECT "User"."ID" AS "User_ID", "User"."UserName" AS "User_UserName", "User"."HashedPassword" AS "User_HashedPassword", "User"."FirstName" AS "User_FirstName", "User"."EmailAddress" AS "User_EmailAddress" 
FROM "User" 
WHERE "User"."ID" = ?
 LIMIT ? OFFSET ?
2026-03-17 16:17:34,296 | INFO | base | _execute_context | [ID: b3d561e7-db50-42b6-8596-a9b9aefc1ba5] | [cached since 1018s ago] (1, 1, 0)
2026-03-17 16:17:34,296 | INFO | base | _connection_rollback_impl | [ID: b3d561e7-db50-42b6-8596-a9b9aefc1ba5] | ROLLBACK
2026-03-17 16:19:23,520 | DEBUG | home_expense_tracker | add_correlation_id | [ID: NA] | Request ID Generated 5e4d7ba0-bbc3-4877-8fed-6fd76071b019
2026-03-17 16:19:23,520 | DEBUG | home_expense_tracker | add_correlation_id | [ID: 5e4d7ba0-bbc3-4877-8fed-6fd76071b019] | Token <Token var=<ContextVar name='correlation_id' default='NA' at 0x000001F63B382430> at 0x000001F63D694880>
2026-03-17 16:19:23,520 | DEBUG | auth | get_current_user | [ID: 5e4d7ba0-bbc3-4877-8fed-6fd76071b019] | Inside get_current_user
2026-03-17 16:19:23,520 | DEBUG | expenses | get_all_expenses | [ID: 5e4d7ba0-bbc3-4877-8fed-6fd76071b019] | Get all expenses invoked
2026-03-17 16:19:23,523 | INFO | base | _connection_begin_impl | [ID: 5e4d7ba0-bbc3-4877-8fed-6fd76071b019] | BEGIN (implicit)
2026-03-17 16:19:23,523 | INFO | base | _execute_context | [ID: 5e4d7ba0-bbc3-4877-8fed-6fd76071b019] | SELECT expense."ID" AS "expense_ID", expense."PurchaseDate" AS "expense_PurchaseDate", expense."Amount" AS "expense_Amount", expense."Store" AS "expense_Store", expense."Card" AS "expense_Card", expense."UserID" AS "expense_UserID" 
FROM expense 
WHERE expense."UserID" = ?
2026-03-17 16:19:23,524 | INFO | base | _execute_context | [ID: 5e4d7ba0-bbc3-4877-8fed-6fd76071b019] | [cached since 1126s ago] (1,)
2026-03-17 16:19:23,524 | INFO | base | _connection_rollback_impl | [ID: 5e4d7ba0-bbc3-4877-8fed-6fd76071b019] | ROLLBACK
2026-03-17 16:19:25,837 | DEBUG | home_expense_tracker | add_correlation_id | [ID: NA] | Request ID Generated 08c236d4-7ffe-4430-ab15-7518b064d31d
2026-03-17 16:19:25,837 | DEBUG | home_expense_tracker | add_correlation_id | [ID: 08c236d4-7ffe-4430-ab15-7518b064d31d] | Token <Token var=<ContextVar name='correlation_id' default='NA' at 0x000001F63B382430> at 0x000001F63D694EC0>
2026-03-17 16:19:25,838 | DEBUG | auth | get_current_user | [ID: 08c236d4-7ffe-4430-ab15-7518b064d31d] | Inside get_current_user
2026-03-17 16:19:25,840 | DEBUG | users | get_user_details | [ID: 08c236d4-7ffe-4430-ab15-7518b064d31d] | Inside get_user
2026-03-17 16:19:25,840 | INFO | base | _connection_begin_impl | [ID: 08c236d4-7ffe-4430-ab15-7518b064d31d] | BEGIN (implicit)
2026-03-17 16:19:25,841 | INFO | base | _execute_context | [ID: 08c236d4-7ffe-4430-ab15-7518b064d31d] | SELECT "User"."ID" AS "User_ID", "User"."UserName" AS "User_UserName", "User"."HashedPassword" AS "User_HashedPassword", "User"."FirstName" AS "User_FirstName", "User"."EmailAddress" AS "User_EmailAddress" 
FROM "User" 
WHERE "User"."ID" = ?
 LIMIT ? OFFSET ?
2026-03-17 16:19:25,841 | INFO | base | _execute_context | [ID: 08c236d4-7ffe-4430-ab15-7518b064d31d] | [cached since 1130s ago] (1, 1, 0)
2026-03-17 16:19:25,846 | INFO | base | _connection_rollback_impl | [ID: 08c236d4-7ffe-4430-ab15-7518b064d31d] | ROLLBACK
2026-03-17 16:19:37,631 | DEBUG | home_expense_tracker | add_correlation_id | [ID: NA] | Request ID Generated 1bd19c5c-edab-4f9a-9226-5e8dbf84b9f3
2026-03-17 16:19:37,632 | DEBUG | home_expense_tracker | add_correlation_id | [ID: 1bd19c5c-edab-4f9a-9226-5e8dbf84b9f3] | Token <Token var=<ContextVar name='correlation_id' default='NA' at 0x000001F63B382430> at 0x000001F63D694880>
2026-03-17 16:19:37,634 | DEBUG | multipart | callback | [ID: 1bd19c5c-edab-4f9a-9226-5e8dbf84b9f3] | Calling on_field_start with no data
2026-03-17 16:19:37,634 | DEBUG | multipart | callback | [ID: 1bd19c5c-edab-4f9a-9226-5e8dbf84b9f3] | Calling on_field_name with data[0:8]
2026-03-17 16:19:37,634 | DEBUG | multipart | callback | [ID: 1bd19c5c-edab-4f9a-9226-5e8dbf84b9f3] | Calling on_field_data with data[9:13]
2026-03-17 16:19:37,634 | DEBUG | multipart | callback | [ID: 1bd19c5c-edab-4f9a-9226-5e8dbf84b9f3] | Calling on_field_end with no data
2026-03-17 16:19:37,634 | DEBUG | multipart | callback | [ID: 1bd19c5c-edab-4f9a-9226-5e8dbf84b9f3] | Calling on_field_start with no data
2026-03-17 16:19:37,634 | DEBUG | multipart | callback | [ID: 1bd19c5c-edab-4f9a-9226-5e8dbf84b9f3] | Calling on_field_name with data[14:22]
2026-03-17 16:19:37,634 | DEBUG | multipart | callback | [ID: 1bd19c5c-edab-4f9a-9226-5e8dbf84b9f3] | Calling on_field_data with data[23:33]
2026-03-17 16:19:37,637 | DEBUG | multipart | callback | [ID: 1bd19c5c-edab-4f9a-9226-5e8dbf84b9f3] | Calling on_field_end with no data
2026-03-17 16:19:37,637 | DEBUG | multipart | callback | [ID: 1bd19c5c-edab-4f9a-9226-5e8dbf84b9f3] | Calling on_end with no data
2026-03-17 16:19:37,639 | DEBUG | auth | get_token | [ID: 1bd19c5c-edab-4f9a-9226-5e8dbf84b9f3] | Inside Authenticate user method
2026-03-17 16:19:37,639 | INFO | base | _connection_begin_impl | [ID: 1bd19c5c-edab-4f9a-9226-5e8dbf84b9f3] | BEGIN (implicit)
2026-03-17 16:19:37,641 | INFO | base | _execute_context | [ID: 1bd19c5c-edab-4f9a-9226-5e8dbf84b9f3] | SELECT "User"."ID" AS "User_ID", "User"."UserName" AS "User_UserName", "User"."HashedPassword" AS "User_HashedPassword", "User"."FirstName" AS "User_FirstName", "User"."EmailAddress" AS "User_EmailAddress" 
FROM "User" 
WHERE "User"."UserName" = ?
 LIMIT ? OFFSET ?
2026-03-17 16:19:37,641 | INFO | base | _execute_context | [ID: 1bd19c5c-edab-4f9a-9226-5e8dbf84b9f3] | [cached since 645.6s ago] ('sund', 1, 0)
2026-03-17 16:19:37,641 | DEBUG | auth | get_token | [ID: 1bd19c5c-edab-4f9a-9226-5e8dbf84b9f3] | UserName valid 2 sund
2026-03-17 16:19:37,946 | DEBUG | auth | get_token | [ID: 1bd19c5c-edab-4f9a-9226-5e8dbf84b9f3] | Password valid
2026-03-17 16:19:37,946 | DEBUG | auth | create_access_token | [ID: 1bd19c5c-edab-4f9a-9226-5e8dbf84b9f3] | JWT Payload inputs 2 sund 0:20:00
2026-03-17 16:19:37,946 | INFO | base | _connection_rollback_impl | [ID: 1bd19c5c-edab-4f9a-9226-5e8dbf84b9f3] | ROLLBACK
2026-03-17 16:19:38,717 | DEBUG | home_expense_tracker | add_correlation_id | [ID: NA] | Request ID Generated 8f7587b2-7183-4121-8d88-cbdaf7560194
2026-03-17 16:19:38,717 | DEBUG | home_expense_tracker | add_correlation_id | [ID: 8f7587b2-7183-4121-8d88-cbdaf7560194] | Token <Token var=<ContextVar name='correlation_id' default='NA' at 0x000001F63B382430> at 0x000001F63D69C200>
2026-03-17 16:19:38,718 | DEBUG | auth | get_current_user | [ID: 8f7587b2-7183-4121-8d88-cbdaf7560194] | Inside get_current_user
2026-03-17 16:19:38,721 | DEBUG | users | get_user_details | [ID: 8f7587b2-7183-4121-8d88-cbdaf7560194] | Inside get_user
2026-03-17 16:19:38,722 | INFO | base | _connection_begin_impl | [ID: 8f7587b2-7183-4121-8d88-cbdaf7560194] | BEGIN (implicit)
2026-03-17 16:19:38,722 | INFO | base | _execute_context | [ID: 8f7587b2-7183-4121-8d88-cbdaf7560194] | SELECT "User"."ID" AS "User_ID", "User"."UserName" AS "User_UserName", "User"."HashedPassword" AS "User_HashedPassword", "User"."FirstName" AS "User_FirstName", "User"."EmailAddress" AS "User_EmailAddress" 
FROM "User" 
WHERE "User"."ID" = ?
 LIMIT ? OFFSET ?
2026-03-17 16:19:38,723 | INFO | base | _execute_context | [ID: 8f7587b2-7183-4121-8d88-cbdaf7560194] | [cached since 1143s ago] (2, 1, 0)
2026-03-17 16:19:38,724 | INFO | base | _connection_rollback_impl | [ID: 8f7587b2-7183-4121-8d88-cbdaf7560194] | ROLLBACK
2026-03-17 16:19:40,047 | DEBUG | home_expense_tracker | add_correlation_id | [ID: NA] | Request ID Generated b3c3041b-9ff2-4ead-a228-91ed44ca847d
2026-03-17 16:19:40,049 | DEBUG | home_expense_tracker | add_correlation_id | [ID: b3c3041b-9ff2-4ead-a228-91ed44ca847d] | Token <Token var=<ContextVar name='correlation_id' default='NA' at 0x000001F63B382430> at 0x000001F63D69D300>
2026-03-17 16:19:40,050 | DEBUG | auth | get_current_user | [ID: b3c3041b-9ff2-4ead-a228-91ed44ca847d] | Inside get_current_user
2026-03-17 16:19:40,051 | DEBUG | expenses | get_all_expenses | [ID: b3c3041b-9ff2-4ead-a228-91ed44ca847d] | Get all expenses invoked
2026-03-17 16:19:40,051 | INFO | base | _connection_begin_impl | [ID: b3c3041b-9ff2-4ead-a228-91ed44ca847d] | BEGIN (implicit)
2026-03-17 16:19:40,052 | INFO | base | _execute_context | [ID: b3c3041b-9ff2-4ead-a228-91ed44ca847d] | SELECT expense."ID" AS "expense_ID", expense."PurchaseDate" AS "expense_PurchaseDate", expense."Amount" AS "expense_Amount", expense."Store" AS "expense_Store", expense."Card" AS "expense_Card", expense."UserID" AS "expense_UserID" 
FROM expense 
WHERE expense."UserID" = ?
2026-03-17 16:19:40,053 | INFO | base | _execute_context | [ID: b3c3041b-9ff2-4ead-a228-91ed44ca847d] | [cached since 1143s ago] (2,)
2026-03-17 16:19:40,055 | INFO | base | _connection_rollback_impl | [ID: b3c3041b-9ff2-4ead-a228-91ed44ca847d] | ROLLBACK
2026-03-17 16:20:01,820 | DEBUG | home_expense_tracker | add_correlation_id | [ID: NA] | Request ID Generated 5fab201e-af67-4211-bbf8-7760fce4c74a
2026-03-17 16:20:01,820 | DEBUG | home_expense_tracker | add_correlation_id | [ID: 5fab201e-af67-4211-bbf8-7760fce4c74a] | Token <Token var=<ContextVar name='correlation_id' default='NA' at 0x000001F63B382430> at 0x000001F63D697980>
2026-03-17 16:20:01,820 | DEBUG | auth | get_current_user | [ID: 5fab201e-af67-4211-bbf8-7760fce4c74a] | Inside get_current_user
2026-03-17 16:20:01,820 | DEBUG | expenses | add_expense | [ID: 5fab201e-af67-4211-bbf8-7760fce4c74a] | Inside Add Expense PurchaseDate=datetime.date(2026, 3, 15) Amount=Decimal('56.9') Store='Kings' Card='Discover'
2026-03-17 16:20:01,824 | INFO | base | _connection_begin_impl | [ID: 5fab201e-af67-4211-bbf8-7760fce4c74a] | BEGIN (implicit)
2026-03-17 16:20:01,824 | INFO | base | _execute_context | [ID: 5fab201e-af67-4211-bbf8-7760fce4c74a] | INSERT INTO expense ("PurchaseDate", "Amount", "Store", "Card", "UserID") VALUES (?, ?, ?, ?, ?)
2026-03-17 16:20:01,824 | INFO | base | _execute_context | [ID: 5fab201e-af67-4211-bbf8-7760fce4c74a] | [cached since 588.4s ago] ('2026-03-15', 56.9, 'Kings', 'Discover', 2)
2026-03-17 16:20:01,828 | INFO | base | _connection_commit_impl | [ID: 5fab201e-af67-4211-bbf8-7760fce4c74a] | COMMIT
2026-03-17 16:20:01,843 | DEBUG | home_expense_tracker | add_correlation_id | [ID: NA] | Request ID Generated ef11e15a-1ca3-4851-99fe-fedc179f7376
2026-03-17 16:20:01,843 | DEBUG | home_expense_tracker | add_correlation_id | [ID: ef11e15a-1ca3-4851-99fe-fedc179f7376] | Token <Token var=<ContextVar name='correlation_id' default='NA' at 0x000001F63B382430> at 0x000001F63D696600>
2026-03-17 16:20:01,843 | DEBUG | auth | get_current_user | [ID: ef11e15a-1ca3-4851-99fe-fedc179f7376] | Inside get_current_user
2026-03-17 16:20:01,845 | DEBUG | expenses | get_all_expenses | [ID: ef11e15a-1ca3-4851-99fe-fedc179f7376] | Get all expenses invoked
2026-03-17 16:20:01,845 | INFO | base | _connection_begin_impl | [ID: ef11e15a-1ca3-4851-99fe-fedc179f7376] | BEGIN (implicit)
2026-03-17 16:20:01,845 | INFO | base | _execute_context | [ID: ef11e15a-1ca3-4851-99fe-fedc179f7376] | SELECT expense."ID" AS "expense_ID", expense."PurchaseDate" AS "expense_PurchaseDate", expense."Amount" AS "expense_Amount", expense."Store" AS "expense_Store", expense."Card" AS "expense_Card", expense."UserID" AS "expense_UserID" 
FROM expense 
WHERE expense."UserID" = ?
2026-03-17 16:20:01,845 | INFO | base | _execute_context | [ID: ef11e15a-1ca3-4851-99fe-fedc179f7376] | [cached since 1165s ago] (2,)
2026-03-17 16:20:01,847 | INFO | base | _connection_rollback_impl | [ID: ef11e15a-1ca3-4851-99fe-fedc179f7376] | ROLLBACK
2026-03-17 16:20:11,162 | DEBUG | home_expense_tracker | add_correlation_id | [ID: NA] | Request ID Generated 780deb42-2564-4d18-8cbc-b42c13ad7141
2026-03-17 16:20:11,163 | DEBUG | home_expense_tracker | add_correlation_id | [ID: 780deb42-2564-4d18-8cbc-b42c13ad7141] | Token <Token var=<ContextVar name='correlation_id' default='NA' at 0x000001F63B382430> at 0x000001F63D69E740>
2026-03-17 16:20:11,166 | DEBUG | home_expense_tracker | add_correlation_id | [ID: NA] | Request ID Generated 6935687b-72b1-4fbc-98d5-1d886a9070ef
2026-03-17 16:20:11,166 | DEBUG | home_expense_tracker | add_correlation_id | [ID: 6935687b-72b1-4fbc-98d5-1d886a9070ef] | Token <Token var=<ContextVar name='correlation_id' default='NA' at 0x000001F63B382430> at 0x000001F63D69F600>
2026-03-17 16:20:11,166 | DEBUG | auth | get_current_user | [ID: 6935687b-72b1-4fbc-98d5-1d886a9070ef] | Inside get_current_user
2026-03-17 16:20:11,166 | DEBUG | expenses | update_expense | [ID: 6935687b-72b1-4fbc-98d5-1d886a9070ef] | Input Expense PurchaseDate=datetime.date(2026, 3, 17) Amount=Decimal('23.99') Store='Patidar' Card='Amex'
2026-03-17 16:20:11,166 | INFO | base | _connection_begin_impl | [ID: 6935687b-72b1-4fbc-98d5-1d886a9070ef] | BEGIN (implicit)
2026-03-17 16:20:11,173 | INFO | base | _execute_context | [ID: 6935687b-72b1-4fbc-98d5-1d886a9070ef] | SELECT expense."ID" AS "expense_ID", expense."PurchaseDate" AS "expense_PurchaseDate", expense."Amount" AS "expense_Amount", expense."Store" AS "expense_Store", expense."Card" AS "expense_Card", expense."UserID" AS "expense_UserID" 
FROM expense 
WHERE expense."UserID" = ? AND expense."PurchaseDate" = ? AND expense."Store" = ?
2026-03-17 16:20:11,173 | INFO | base | _execute_context | [ID: 6935687b-72b1-4fbc-98d5-1d886a9070ef] | [generated in 0.00094s] (2, '2026-03-17', 'Patidar')
2026-03-17 16:20:11,175 | DEBUG | expenses | update_expense | [ID: 6935687b-72b1-4fbc-98d5-1d886a9070ef] | Expense updated <models.Expense object at 0x000001F63D6AC470>
2026-03-17 16:20:11,179 | INFO | base | _execute_context | [ID: 6935687b-72b1-4fbc-98d5-1d886a9070ef] | UPDATE expense SET "Amount"=? WHERE expense."ID" = ?
2026-03-17 16:20:11,180 | INFO | base | _execute_context | [ID: 6935687b-72b1-4fbc-98d5-1d886a9070ef] | [generated in 0.00080s] (23.99, 3)
2026-03-17 16:20:11,185 | INFO | base | _connection_commit_impl | [ID: 6935687b-72b1-4fbc-98d5-1d886a9070ef] | COMMIT
2026-03-17 16:20:11,215 | DEBUG | home_expense_tracker | add_correlation_id | [ID: NA] | Request ID Generated 759e9372-20b8-4265-9135-bc18f438223b
2026-03-17 16:20:11,215 | DEBUG | home_expense_tracker | add_correlation_id | [ID: 759e9372-20b8-4265-9135-bc18f438223b] | Token <Token var=<ContextVar name='correlation_id' default='NA' at 0x000001F63B382430> at 0x000001F63D69C040>
2026-03-17 16:20:11,218 | DEBUG | auth | get_current_user | [ID: 759e9372-20b8-4265-9135-bc18f438223b] | Inside get_current_user
2026-03-17 16:20:11,218 | DEBUG | expenses | get_all_expenses | [ID: 759e9372-20b8-4265-9135-bc18f438223b] | Get all expenses invoked
2026-03-17 16:20:11,218 | INFO | base | _connection_begin_impl | [ID: 759e9372-20b8-4265-9135-bc18f438223b] | BEGIN (implicit)
2026-03-17 16:20:11,218 | INFO | base | _execute_context | [ID: 759e9372-20b8-4265-9135-bc18f438223b] | SELECT expense."ID" AS "expense_ID", expense."PurchaseDate" AS "expense_PurchaseDate", expense."Amount" AS "expense_Amount", expense."Store" AS "expense_Store", expense."Card" AS "expense_Card", expense."UserID" AS "expense_UserID" 
FROM expense 
WHERE expense."UserID" = ?
2026-03-17 16:20:11,218 | INFO | base | _execute_context | [ID: 759e9372-20b8-4265-9135-bc18f438223b] | [cached since 1174s ago] (2,)
2026-03-17 16:20:11,218 | INFO | base | _connection_rollback_impl | [ID: 759e9372-20b8-4265-9135-bc18f438223b] | ROLLBACK
2026-03-17 16:20:21,791 | DEBUG | home_expense_tracker | add_correlation_id | [ID: NA] | Request ID Generated 3328428c-a515-417b-8978-b7ae6cc9c758
2026-03-17 16:20:21,793 | DEBUG | home_expense_tracker | add_correlation_id | [ID: 3328428c-a515-417b-8978-b7ae6cc9c758] | Token <Token var=<ContextVar name='correlation_id' default='NA' at 0x000001F63B382430> at 0x000001F63D69FDC0>
2026-03-17 16:20:21,798 | DEBUG | auth | get_current_user | [ID: 3328428c-a515-417b-8978-b7ae6cc9c758] | Inside get_current_user
2026-03-17 16:20:21,803 | DEBUG | expenses | update_expense | [ID: 3328428c-a515-417b-8978-b7ae6cc9c758] | Input Expense PurchaseDate=datetime.date(2026, 3, 15) Amount=Decimal('56.97') Store='Kings' Card='Visa'
2026-03-17 16:20:21,806 | INFO | base | _connection_begin_impl | [ID: 3328428c-a515-417b-8978-b7ae6cc9c758] | BEGIN (implicit)
2026-03-17 16:20:21,809 | INFO | base | _execute_context | [ID: 3328428c-a515-417b-8978-b7ae6cc9c758] | SELECT expense."ID" AS "expense_ID", expense."PurchaseDate" AS "expense_PurchaseDate", expense."Amount" AS "expense_Amount", expense."Store" AS "expense_Store", expense."Card" AS "expense_Card", expense."UserID" AS "expense_UserID" 
FROM expense 
WHERE expense."UserID" = ? AND expense."PurchaseDate" = ? AND expense."Store" = ?
2026-03-17 16:20:21,812 | INFO | base | _execute_context | [ID: 3328428c-a515-417b-8978-b7ae6cc9c758] | [cached since 10.64s ago] (2, '2026-03-15', 'Kings')
2026-03-17 16:20:21,815 | DEBUG | expenses | update_expense | [ID: 3328428c-a515-417b-8978-b7ae6cc9c758] | Expense updated <models.Expense object at 0x000001F63D6980B0>
2026-03-17 16:20:21,819 | INFO | base | _execute_context | [ID: 3328428c-a515-417b-8978-b7ae6cc9c758] | UPDATE expense SET "Amount"=?, "Card"=? WHERE expense."ID" = ?
2026-03-17 16:20:21,820 | INFO | base | _execute_context | [ID: 3328428c-a515-417b-8978-b7ae6cc9c758] | [generated in 0.00208s] (56.97, 'Visa', 4)
2026-03-17 16:20:21,832 | INFO | base | _connection_commit_impl | [ID: 3328428c-a515-417b-8978-b7ae6cc9c758] | COMMIT
2026-03-17 16:20:21,848 | DEBUG | home_expense_tracker | add_correlation_id | [ID: NA] | Request ID Generated ad76e00e-184a-4c7e-92d3-2fb54c1bce09
2026-03-17 16:20:21,849 | DEBUG | home_expense_tracker | add_correlation_id | [ID: ad76e00e-184a-4c7e-92d3-2fb54c1bce09] | Token <Token var=<ContextVar name='correlation_id' default='NA' at 0x000001F63B382430> at 0x000001F63D69DB00>
2026-03-17 16:20:21,850 | DEBUG | auth | get_current_user | [ID: ad76e00e-184a-4c7e-92d3-2fb54c1bce09] | Inside get_current_user
2026-03-17 16:20:21,851 | DEBUG | expenses | get_all_expenses | [ID: ad76e00e-184a-4c7e-92d3-2fb54c1bce09] | Get all expenses invoked
2026-03-17 16:20:21,851 | INFO | base | _connection_begin_impl | [ID: ad76e00e-184a-4c7e-92d3-2fb54c1bce09] | BEGIN (implicit)
2026-03-17 16:20:21,852 | INFO | base | _execute_context | [ID: ad76e00e-184a-4c7e-92d3-2fb54c1bce09] | SELECT expense."ID" AS "expense_ID", expense."PurchaseDate" AS "expense_PurchaseDate", expense."Amount" AS "expense_Amount", expense."Store" AS "expense_Store", expense."Card" AS "expense_Card", expense."UserID" AS "expense_UserID" 
FROM expense 
WHERE expense."UserID" = ?
2026-03-17 16:20:21,853 | INFO | base | _execute_context | [ID: ad76e00e-184a-4c7e-92d3-2fb54c1bce09] | [cached since 1185s ago] (2,)
2026-03-17 16:20:21,855 | INFO | base | _connection_rollback_impl | [ID: ad76e00e-184a-4c7e-92d3-2fb54c1bce09] | ROLLBACK
2026-03-17 16:20:30,073 | DEBUG | home_expense_tracker | add_correlation_id | [ID: NA] | Request ID Generated a47ef5c9-abaf-40cb-8659-e998dbf186b6
2026-03-17 16:20:30,074 | DEBUG | home_expense_tracker | add_correlation_id | [ID: a47ef5c9-abaf-40cb-8659-e998dbf186b6] | Token <Token var=<ContextVar name='correlation_id' default='NA' at 0x000001F63B382430> at 0x000001F63D69FF80>
2026-03-17 16:20:30,075 | DEBUG | home_expense_tracker | add_correlation_id | [ID: NA] | Request ID Generated 0048ad6a-237d-45c3-9309-f168c9f9fd7d
2026-03-17 16:20:30,077 | DEBUG | home_expense_tracker | add_correlation_id | [ID: 0048ad6a-237d-45c3-9309-f168c9f9fd7d] | Token <Token var=<ContextVar name='correlation_id' default='NA' at 0x000001F63B382430> at 0x000001F63D686400>
2026-03-17 16:20:30,077 | DEBUG | auth | get_current_user | [ID: 0048ad6a-237d-45c3-9309-f168c9f9fd7d] | Inside get_current_user
2026-03-17 16:20:30,077 | DEBUG | expenses | get_expense_by_category | [ID: 0048ad6a-237d-45c3-9309-f168c9f9fd7d] | Category Name Store
Category Value Kings
2026-03-17 16:20:30,077 | INFO | base | _connection_begin_impl | [ID: 0048ad6a-237d-45c3-9309-f168c9f9fd7d] | BEGIN (implicit)
2026-03-17 16:20:30,077 | INFO | base | _execute_context | [ID: 0048ad6a-237d-45c3-9309-f168c9f9fd7d] | SELECT expense."ID" AS "expense_ID", expense."PurchaseDate" AS "expense_PurchaseDate", expense."Amount" AS "expense_Amount", expense."Store" AS "expense_Store", expense."Card" AS "expense_Card", expense."UserID" AS "expense_UserID" 
FROM expense 
WHERE expense."UserID" = ? AND lower(expense."Store") LIKE lower(?)
2026-03-17 16:20:30,077 | INFO | base | _execute_context | [ID: 0048ad6a-237d-45c3-9309-f168c9f9fd7d] | [generated in 0.00061s] (2, 'Kings')
2026-03-17 16:20:30,083 | INFO | base | _connection_rollback_impl | [ID: 0048ad6a-237d-45c3-9309-f168c9f9fd7d] | ROLLBACK
2026-03-17 16:20:34,591 | DEBUG | home_expense_tracker | add_correlation_id | [ID: NA] | Request ID Generated dd60d403-c14e-4777-8adb-ff7642574409
2026-03-17 16:20:34,591 | DEBUG | home_expense_tracker | add_correlation_id | [ID: dd60d403-c14e-4777-8adb-ff7642574409] | Token <Token var=<ContextVar name='correlation_id' default='NA' at 0x000001F63B382430> at 0x000001F63D687680>
2026-03-17 16:20:34,601 | DEBUG | auth | get_current_user | [ID: dd60d403-c14e-4777-8adb-ff7642574409] | Inside get_current_user
2026-03-17 16:20:34,604 | DEBUG | expenses | get_expense_by_category | [ID: dd60d403-c14e-4777-8adb-ff7642574409] | Category Name Store
Category Value Kings
2026-03-17 16:20:34,604 | INFO | base | _connection_begin_impl | [ID: dd60d403-c14e-4777-8adb-ff7642574409] | BEGIN (implicit)
2026-03-17 16:20:34,604 | INFO | base | _execute_context | [ID: dd60d403-c14e-4777-8adb-ff7642574409] | SELECT expense."ID" AS "expense_ID", expense."PurchaseDate" AS "expense_PurchaseDate", expense."Amount" AS "expense_Amount", expense."Store" AS "expense_Store", expense."Card" AS "expense_Card", expense."UserID" AS "expense_UserID" 
FROM expense 
WHERE expense."UserID" = ? AND lower(expense."Store") LIKE lower(?)
2026-03-17 16:20:34,607 | INFO | base | _execute_context | [ID: dd60d403-c14e-4777-8adb-ff7642574409] | [cached since 4.526s ago] (2, 'Kings')
2026-03-17 16:20:34,607 | INFO | base | _connection_rollback_impl | [ID: dd60d403-c14e-4777-8adb-ff7642574409] | ROLLBACK
2026-03-17 16:20:39,190 | DEBUG | home_expense_tracker | add_correlation_id | [ID: NA] | Request ID Generated 4975921d-1504-49c9-8d80-a28b01f3df3a
2026-03-17 16:20:39,191 | DEBUG | home_expense_tracker | add_correlation_id | [ID: 4975921d-1504-49c9-8d80-a28b01f3df3a] | Token <Token var=<ContextVar name='correlation_id' default='NA' at 0x000001F63B382430> at 0x000001F63D69E240>
2026-03-17 16:20:39,191 | DEBUG | home_expense_tracker | add_correlation_id | [ID: NA] | Request ID Generated 74ffa64c-1701-4bc4-a696-1e0a5cfe9686
2026-03-17 16:20:39,191 | DEBUG | home_expense_tracker | add_correlation_id | [ID: 74ffa64c-1701-4bc4-a696-1e0a5cfe9686] | Token <Token var=<ContextVar name='correlation_id' default='NA' at 0x000001F63B382430> at 0x000001F63D69EF00>
2026-03-17 16:20:39,191 | DEBUG | auth | get_current_user | [ID: 74ffa64c-1701-4bc4-a696-1e0a5cfe9686] | Inside get_current_user
2026-03-17 16:20:39,191 | DEBUG | expenses | get_expense_by_category | [ID: 74ffa64c-1701-4bc4-a696-1e0a5cfe9686] | Category Name Store
Category Value King
2026-03-17 16:20:39,191 | INFO | base | _connection_begin_impl | [ID: 74ffa64c-1701-4bc4-a696-1e0a5cfe9686] | BEGIN (implicit)
2026-03-17 16:20:39,191 | INFO | base | _execute_context | [ID: 74ffa64c-1701-4bc4-a696-1e0a5cfe9686] | SELECT expense."ID" AS "expense_ID", expense."PurchaseDate" AS "expense_PurchaseDate", expense."Amount" AS "expense_Amount", expense."Store" AS "expense_Store", expense."Card" AS "expense_Card", expense."UserID" AS "expense_UserID" 
FROM expense 
WHERE expense."UserID" = ? AND lower(expense."Store") LIKE lower(?)
2026-03-17 16:20:39,201 | INFO | base | _execute_context | [ID: 74ffa64c-1701-4bc4-a696-1e0a5cfe9686] | [cached since 9.12s ago] (2, 'King')
2026-03-17 16:20:39,202 | INFO | base | _connection_rollback_impl | [ID: 74ffa64c-1701-4bc4-a696-1e0a5cfe9686] | ROLLBACK
2026-03-17 16:20:40,440 | DEBUG | home_expense_tracker | add_correlation_id | [ID: NA] | Request ID Generated 863ff28b-1737-4bc5-80eb-41853d08d80d
2026-03-17 16:20:40,441 | DEBUG | home_expense_tracker | add_correlation_id | [ID: 863ff28b-1737-4bc5-80eb-41853d08d80d] | Token <Token var=<ContextVar name='correlation_id' default='NA' at 0x000001F63B382430> at 0x000001F63D69C200>
2026-03-17 16:20:40,441 | DEBUG | auth | get_current_user | [ID: 863ff28b-1737-4bc5-80eb-41853d08d80d] | Inside get_current_user
2026-03-17 16:20:40,443 | DEBUG | expenses | get_all_expenses | [ID: 863ff28b-1737-4bc5-80eb-41853d08d80d] | Get all expenses invoked
2026-03-17 16:20:40,443 | INFO | base | _connection_begin_impl | [ID: 863ff28b-1737-4bc5-80eb-41853d08d80d] | BEGIN (implicit)
2026-03-17 16:20:40,443 | INFO | base | _execute_context | [ID: 863ff28b-1737-4bc5-80eb-41853d08d80d] | SELECT expense."ID" AS "expense_ID", expense."PurchaseDate" AS "expense_PurchaseDate", expense."Amount" AS "expense_Amount", expense."Store" AS "expense_Store", expense."Card" AS "expense_Card", expense."UserID" AS "expense_UserID" 
FROM expense 
WHERE expense."UserID" = ?
2026-03-17 16:20:40,443 | INFO | base | _execute_context | [ID: 863ff28b-1737-4bc5-80eb-41853d08d80d] | [cached since 1203s ago] (2,)
2026-03-17 16:20:40,449 | INFO | base | _connection_rollback_impl | [ID: 863ff28b-1737-4bc5-80eb-41853d08d80d] | ROLLBACK
2026-03-17 16:20:53,990 | DEBUG | home_expense_tracker | add_correlation_id | [ID: NA] | Request ID Generated 96386d4a-426c-44b4-807c-98d5c80a2fbc
2026-03-17 16:20:53,992 | DEBUG | home_expense_tracker | add_correlation_id | [ID: 96386d4a-426c-44b4-807c-98d5c80a2fbc] | Token <Token var=<ContextVar name='correlation_id' default='NA' at 0x000001F63B382430> at 0x000001F63D697B40>
2026-03-17 16:20:53,992 | DEBUG | auth | get_current_user | [ID: 96386d4a-426c-44b4-807c-98d5c80a2fbc] | Inside get_current_user
2026-03-17 16:20:53,998 | DEBUG | expenses | update_expense | [ID: 96386d4a-426c-44b4-807c-98d5c80a2fbc] | Input Expense PurchaseDate=datetime.date(2026, 3, 18) Amount=Decimal('78.9') Store='Walgreens' Card='Discover'
2026-03-17 16:20:53,998 | INFO | base | _connection_begin_impl | [ID: 96386d4a-426c-44b4-807c-98d5c80a2fbc] | BEGIN (implicit)
2026-03-17 16:20:54,003 | INFO | base | _execute_context | [ID: 96386d4a-426c-44b4-807c-98d5c80a2fbc] | SELECT expense."ID" AS "expense_ID", expense."PurchaseDate" AS "expense_PurchaseDate", expense."Amount" AS "expense_Amount", expense."Store" AS "expense_Store", expense."Card" AS "expense_Card", expense."UserID" AS "expense_UserID" 
FROM expense 
WHERE expense."UserID" = ? AND expense."PurchaseDate" = ? AND expense."Store" = ?
2026-03-17 16:20:54,003 | INFO | base | _execute_context | [ID: 96386d4a-426c-44b4-807c-98d5c80a2fbc] | [cached since 42.83s ago] (2, '2026-03-18', 'Walgreens')
2026-03-17 16:20:54,003 | DEBUG | expenses | update_expense | [ID: 96386d4a-426c-44b4-807c-98d5c80a2fbc] | Expense updated <models.Expense object at 0x000001F63D6756A0>
2026-03-17 16:20:54,011 | INFO | base | _execute_context | [ID: 96386d4a-426c-44b4-807c-98d5c80a2fbc] | UPDATE expense SET "Card"=? WHERE expense."ID" = ?
2026-03-17 16:20:54,013 | INFO | base | _execute_context | [ID: 96386d4a-426c-44b4-807c-98d5c80a2fbc] | [generated in 0.00181s] ('Discover', 2)
2026-03-17 16:20:54,024 | INFO | base | _connection_commit_impl | [ID: 96386d4a-426c-44b4-807c-98d5c80a2fbc] | COMMIT
2026-03-17 16:20:54,058 | DEBUG | home_expense_tracker | add_correlation_id | [ID: NA] | Request ID Generated 8cf6d2d2-be69-4e71-b643-37a54967ded3
2026-03-17 16:20:54,059 | DEBUG | home_expense_tracker | add_correlation_id | [ID: 8cf6d2d2-be69-4e71-b643-37a54967ded3] | Token <Token var=<ContextVar name='correlation_id' default='NA' at 0x000001F63B382430> at 0x000001F63D6AB140>
2026-03-17 16:20:54,060 | DEBUG | auth | get_current_user | [ID: 8cf6d2d2-be69-4e71-b643-37a54967ded3] | Inside get_current_user
2026-03-17 16:20:54,061 | DEBUG | expenses | get_all_expenses | [ID: 8cf6d2d2-be69-4e71-b643-37a54967ded3] | Get all expenses invoked
2026-03-17 16:20:54,062 | INFO | base | _connection_begin_impl | [ID: 8cf6d2d2-be69-4e71-b643-37a54967ded3] | BEGIN (implicit)
2026-03-17 16:20:54,063 | INFO | base | _execute_context | [ID: 8cf6d2d2-be69-4e71-b643-37a54967ded3] | SELECT expense."ID" AS "expense_ID", expense."PurchaseDate" AS "expense_PurchaseDate", expense."Amount" AS "expense_Amount", expense."Store" AS "expense_Store", expense."Card" AS "expense_Card", expense."UserID" AS "expense_UserID" 
FROM expense 
WHERE expense."UserID" = ?
2026-03-17 16:20:54,064 | INFO | base | _execute_context | [ID: 8cf6d2d2-be69-4e71-b643-37a54967ded3] | [cached since 1217s ago] (2,)
2026-03-17 16:20:54,064 | INFO | base | _connection_rollback_impl | [ID: 8cf6d2d2-be69-4e71-b643-37a54967ded3] | ROLLBACK
2026-03-17 16:21:02,635 | DEBUG | home_expense_tracker | add_correlation_id | [ID: NA] | Request ID Generated e7492af5-0139-4d18-8166-446b289c023f
2026-03-17 16:21:02,635 | DEBUG | home_expense_tracker | add_correlation_id | [ID: e7492af5-0139-4d18-8166-446b289c023f] | Token <Token var=<ContextVar name='correlation_id' default='NA' at 0x000001F63B382430> at 0x000001F63D6A9840>
2026-03-17 16:21:02,635 | DEBUG | home_expense_tracker | add_correlation_id | [ID: NA] | Request ID Generated 1c04b4d2-9c76-4b0c-acb4-93ade9b0f8a0
2026-03-17 16:21:02,635 | DEBUG | home_expense_tracker | add_correlation_id | [ID: 1c04b4d2-9c76-4b0c-acb4-93ade9b0f8a0] | Token <Token var=<ContextVar name='correlation_id' default='NA' at 0x000001F63B382430> at 0x000001F63D6AB040>
2026-03-17 16:21:02,639 | DEBUG | auth | get_current_user | [ID: 1c04b4d2-9c76-4b0c-acb4-93ade9b0f8a0] | Inside get_current_user
2026-03-17 16:21:02,641 | DEBUG | expenses | get_expense_by_date | [ID: 1c04b4d2-9c76-4b0c-acb4-93ade9b0f8a0] | From Date 2026-03-15
2026-03-17 16:21:02,642 | DEBUG | expenses | get_expense_by_date | [ID: 1c04b4d2-9c76-4b0c-acb4-93ade9b0f8a0] | To Date 2026-03-21
2026-03-17 16:21:02,642 | INFO | base | _connection_begin_impl | [ID: 1c04b4d2-9c76-4b0c-acb4-93ade9b0f8a0] | BEGIN (implicit)
2026-03-17 16:21:02,642 | INFO | base | _execute_context | [ID: 1c04b4d2-9c76-4b0c-acb4-93ade9b0f8a0] | SELECT expense."ID" AS "expense_ID", expense."PurchaseDate" AS "expense_PurchaseDate", expense."Amount" AS "expense_Amount", expense."Store" AS "expense_Store", expense."Card" AS "expense_Card", expense."UserID" AS "expense_UserID" 
FROM expense 
WHERE expense."UserID" = ? AND expense."PurchaseDate" BETWEEN ? AND ?
2026-03-17 16:21:02,642 | INFO | base | _execute_context | [ID: 1c04b4d2-9c76-4b0c-acb4-93ade9b0f8a0] | [cached since 639.4s ago] (2, '2026-03-15', '2026-03-21')
2026-03-17 16:21:02,647 | INFO | base | _connection_rollback_impl | [ID: 1c04b4d2-9c76-4b0c-acb4-93ade9b0f8a0] | ROLLBACK
2026-03-17 16:21:13,324 | DEBUG | home_expense_tracker | add_correlation_id | [ID: NA] | Request ID Generated ffda1856-12fa-4f68-8893-3e8896db69db
2026-03-17 16:21:13,324 | DEBUG | home_expense_tracker | add_correlation_id | [ID: ffda1856-12fa-4f68-8893-3e8896db69db] | Token <Token var=<ContextVar name='correlation_id' default='NA' at 0x000001F63B382430> at 0x000001F63D6AB000>
2026-03-17 16:21:13,324 | DEBUG | home_expense_tracker | add_correlation_id | [ID: NA] | Request ID Generated 40a5a364-4258-4f98-b4cd-717618498458
2026-03-17 16:21:13,324 | DEBUG | home_expense_tracker | add_correlation_id | [ID: 40a5a364-4258-4f98-b4cd-717618498458] | Token <Token var=<ContextVar name='correlation_id' default='NA' at 0x000001F63B382430> at 0x000001F63D69C940>
2026-03-17 16:21:13,336 | DEBUG | auth | get_current_user | [ID: 40a5a364-4258-4f98-b4cd-717618498458] | Inside get_current_user
2026-03-17 16:21:13,340 | DEBUG | expenses | get_expense_by_date | [ID: 40a5a364-4258-4f98-b4cd-717618498458] | From Date 2026-03-11
2026-03-17 16:21:13,341 | DEBUG | expenses | get_expense_by_date | [ID: 40a5a364-4258-4f98-b4cd-717618498458] | To Date 2026-03-14
2026-03-17 16:21:13,341 | INFO | base | _connection_begin_impl | [ID: 40a5a364-4258-4f98-b4cd-717618498458] | BEGIN (implicit)
2026-03-17 16:21:13,341 | INFO | base | _execute_context | [ID: 40a5a364-4258-4f98-b4cd-717618498458] | SELECT expense."ID" AS "expense_ID", expense."PurchaseDate" AS "expense_PurchaseDate", expense."Amount" AS "expense_Amount", expense."Store" AS "expense_Store", expense."Card" AS "expense_Card", expense."UserID" AS "expense_UserID" 
FROM expense 
WHERE expense."UserID" = ? AND expense."PurchaseDate" BETWEEN ? AND ?
2026-03-17 16:21:13,341 | INFO | base | _execute_context | [ID: 40a5a364-4258-4f98-b4cd-717618498458] | [cached since 650.1s ago] (2, '2026-03-11', '2026-03-14')
2026-03-17 16:21:13,352 | INFO | base | _connection_rollback_impl | [ID: 40a5a364-4258-4f98-b4cd-717618498458] | ROLLBACK
2026-03-17 16:21:15,284 | DEBUG | home_expense_tracker | add_correlation_id | [ID: NA] | Request ID Generated ff802ed7-7476-419d-8b33-3a080f589bab
2026-03-17 16:21:15,284 | DEBUG | home_expense_tracker | add_correlation_id | [ID: ff802ed7-7476-419d-8b33-3a080f589bab] | Token <Token var=<ContextVar name='correlation_id' default='NA' at 0x000001F63B382430> at 0x000001F63D69CAC0>
2026-03-17 16:21:15,284 | DEBUG | auth | get_current_user | [ID: ff802ed7-7476-419d-8b33-3a080f589bab] | Inside get_current_user
2026-03-17 16:21:15,287 | DEBUG | expenses | get_all_expenses | [ID: ff802ed7-7476-419d-8b33-3a080f589bab] | Get all expenses invoked
2026-03-17 16:21:15,289 | INFO | base | _connection_begin_impl | [ID: ff802ed7-7476-419d-8b33-3a080f589bab] | BEGIN (implicit)
2026-03-17 16:21:15,289 | INFO | base | _execute_context | [ID: ff802ed7-7476-419d-8b33-3a080f589bab] | SELECT expense."ID" AS "expense_ID", expense."PurchaseDate" AS "expense_PurchaseDate", expense."Amount" AS "expense_Amount", expense."Store" AS "expense_Store", expense."Card" AS "expense_Card", expense."UserID" AS "expense_UserID" 
FROM expense 
WHERE expense."UserID" = ?
2026-03-17 16:21:15,291 | INFO | base | _execute_context | [ID: ff802ed7-7476-419d-8b33-3a080f589bab] | [cached since 1238s ago] (2,)
2026-03-17 16:21:15,291 | INFO | base | _connection_rollback_impl | [ID: ff802ed7-7476-419d-8b33-3a080f589bab] | ROLLBACK
2026-03-17 16:21:19,162 | DEBUG | home_expense_tracker | add_correlation_id | [ID: NA] | Request ID Generated e2d3303d-8331-4dc1-8a60-b9b24977ed59
2026-03-17 16:21:19,163 | DEBUG | home_expense_tracker | add_correlation_id | [ID: e2d3303d-8331-4dc1-8a60-b9b24977ed59] | Token <Token var=<ContextVar name='correlation_id' default='NA' at 0x000001F63B382430> at 0x000001F63D69D380>
2026-03-17 16:21:19,167 | DEBUG | home_expense_tracker | add_correlation_id | [ID: NA] | Request ID Generated 0ce8a610-2711-4adc-98b0-4d07bcbc6a9b
2026-03-17 16:21:19,167 | DEBUG | home_expense_tracker | add_correlation_id | [ID: 0ce8a610-2711-4adc-98b0-4d07bcbc6a9b] | Token <Token var=<ContextVar name='correlation_id' default='NA' at 0x000001F63B382430> at 0x000001F63D69C540>
2026-03-17 16:21:19,167 | DEBUG | auth | get_current_user | [ID: 0ce8a610-2711-4adc-98b0-4d07bcbc6a9b] | Inside get_current_user
2026-03-17 16:21:19,167 | DEBUG | expenses | delete_expense | [ID: 0ce8a610-2711-4adc-98b0-4d07bcbc6a9b] | Inside delete expense
2026-03-17 16:21:19,167 | INFO | base | _connection_begin_impl | [ID: 0ce8a610-2711-4adc-98b0-4d07bcbc6a9b] | BEGIN (implicit)
2026-03-17 16:21:19,172 | INFO | base | _execute_context | [ID: 0ce8a610-2711-4adc-98b0-4d07bcbc6a9b] | DELETE FROM expense WHERE expense."UserID" = ? AND lower(expense."Store") LIKE lower(?) AND expense."PurchaseDate" = ? RETURNING "ID"
2026-03-17 16:21:19,172 | INFO | base | _execute_context | [ID: 0ce8a610-2711-4adc-98b0-4d07bcbc6a9b] | [cached since 1205s ago] (2, 'Patidar', '2026-03-17')
2026-03-17 16:21:19,174 | INFO | base | _connection_commit_impl | [ID: 0ce8a610-2711-4adc-98b0-4d07bcbc6a9b] | COMMIT
2026-03-17 16:21:19,191 | DEBUG | home_expense_tracker | add_correlation_id | [ID: NA] | Request ID Generated 00f52670-bf91-4e31-a2a7-2907de2348f8
2026-03-17 16:21:19,191 | DEBUG | home_expense_tracker | add_correlation_id | [ID: 00f52670-bf91-4e31-a2a7-2907de2348f8] | Token <Token var=<ContextVar name='correlation_id' default='NA' at 0x000001F63B382430> at 0x000001F63D69DC00>
2026-03-17 16:21:19,193 | DEBUG | auth | get_current_user | [ID: 00f52670-bf91-4e31-a2a7-2907de2348f8] | Inside get_current_user
2026-03-17 16:21:19,193 | DEBUG | expenses | get_all_expenses | [ID: 00f52670-bf91-4e31-a2a7-2907de2348f8] | Get all expenses invoked
2026-03-17 16:21:19,193 | INFO | base | _connection_begin_impl | [ID: 00f52670-bf91-4e31-a2a7-2907de2348f8] | BEGIN (implicit)
2026-03-17 16:21:19,193 | INFO | base | _execute_context | [ID: 00f52670-bf91-4e31-a2a7-2907de2348f8] | SELECT expense."ID" AS "expense_ID", expense."PurchaseDate" AS "expense_PurchaseDate", expense."Amount" AS "expense_Amount", expense."Store" AS "expense_Store", expense."Card" AS "expense_Card", expense."UserID" AS "expense_UserID" 
FROM expense 
WHERE expense."UserID" = ?
2026-03-17 16:21:19,193 | INFO | base | _execute_context | [ID: 00f52670-bf91-4e31-a2a7-2907de2348f8] | [cached since 1242s ago] (2,)
2026-03-17 16:21:19,193 | INFO | base | _connection_rollback_impl | [ID: 00f52670-bf91-4e31-a2a7-2907de2348f8] | ROLLBACK
